Epoch: [1/25], Step: [10/178], Loss: 4.322647571563721
Epoch: [1/25], Step: [20/178], Loss: 2.0856008529663086
Epoch: [1/25], Step: [30/178], Loss: 0.6043575406074524
Epoch: [1/25], Step: [40/178], Loss: 0.6410176753997803
Epoch: [1/25], Step: [50/178], Loss: 0.8348265886306763
Epoch: [1/25], Step: [60/178], Loss: 0.6384758949279785
Epoch: [1/25], Step: [70/178], Loss: 0.7579874992370605
Epoch: [1/25], Step: [80/178], Loss: 0.6551185846328735
Epoch: [1/25], Step: [90/178], Loss: 1.0332295894622803
Epoch: [1/25], Step: [100/178], Loss: 0.6515421271324158
Epoch: [1/25], Step: [110/178], Loss: 0.4679473042488098
Epoch: [1/25], Step: [120/178], Loss: 1.13231360912323
Epoch: [1/25], Step: [130/178], Loss: 1.0370851755142212
Epoch: [1/25], Step: [140/178], Loss: 0.5175957679748535
Epoch: [1/25], Step: [150/178], Loss: 0.8837935328483582
Epoch: [1/25], Step: [160/178], Loss: 0.5233244895935059
Epoch: [1/25], Step: [170/178], Loss: 0.9163762331008911
Epoch: [2/25], Step: [10/178], Loss: 0.9376243352890015
Epoch: [2/25], Step: [20/178], Loss: 0.8805525302886963
Epoch: [2/25], Step: [30/178], Loss: 0.34957507252693176
Epoch: [2/25], Step: [40/178], Loss: 1.454723834991455
Epoch: [2/25], Step: [50/178], Loss: 0.8934653997421265
Epoch: [2/25], Step: [60/178], Loss: 0.4419330954551697
Epoch: [2/25], Step: [70/178], Loss: 0.37507832050323486
Epoch: [2/25], Step: [80/178], Loss: 0.6618139743804932
Epoch: [2/25], Step: [90/178], Loss: 0.7244038581848145
Epoch: [2/25], Step: [100/178], Loss: 1.31150484085083
Epoch: [2/25], Step: [110/178], Loss: 0.680872917175293
Epoch: [2/25], Step: [120/178], Loss: 0.525941014289856
Epoch: [2/25], Step: [130/178], Loss: 1.2389076948165894
Epoch: [2/25], Step: [140/178], Loss: 0.534150242805481
Epoch: [2/25], Step: [150/178], Loss: 1.131134271621704
Epoch: [2/25], Step: [160/178], Loss: 0.4724072217941284
Epoch: [2/25], Step: [170/178], Loss: 0.6186640858650208
Epoch: [3/25], Step: [10/178], Loss: 1.3747295141220093
Epoch: [3/25], Step: [20/178], Loss: 0.6001157760620117
Epoch: [3/25], Step: [30/178], Loss: 0.42119571566581726
Epoch: [3/25], Step: [40/178], Loss: 0.3931085467338562
Epoch: [3/25], Step: [50/178], Loss: 0.5923295021057129
Epoch: [3/25], Step: [60/178], Loss: 0.8395365476608276
Epoch: [3/25], Step: [70/178], Loss: 0.4689924120903015
Epoch: [3/25], Step: [80/178], Loss: 0.2436661571264267
Epoch: [3/25], Step: [90/178], Loss: 0.36839210987091064
Epoch: [3/25], Step: [100/178], Loss: 0.2575013339519501
Epoch: [3/25], Step: [110/178], Loss: 0.7439950704574585
Epoch: [3/25], Step: [120/178], Loss: 0.5004175305366516
Epoch: [3/25], Step: [130/178], Loss: 1.3674585819244385
Epoch: [3/25], Step: [140/178], Loss: 0.8572598695755005
Epoch: [3/25], Step: [150/178], Loss: 1.0038936138153076
Epoch: [3/25], Step: [160/178], Loss: 1.052427053451538
Epoch: [3/25], Step: [170/178], Loss: 0.7664296627044678
Epoch: [4/25], Step: [10/178], Loss: 0.787389874458313
Epoch: [4/25], Step: [20/178], Loss: 0.5429483652114868
Epoch: [4/25], Step: [30/178], Loss: 0.3799619674682617
Epoch: [4/25], Step: [40/178], Loss: 0.4712013304233551
Epoch: [4/25], Step: [50/178], Loss: 0.4731441140174866
Epoch: [4/25], Step: [60/178], Loss: 0.85357266664505
Epoch: [4/25], Step: [70/178], Loss: 0.3883235454559326
Epoch: [4/25], Step: [80/178], Loss: 1.385599136352539
Epoch: [4/25], Step: [90/178], Loss: 0.5142642259597778
Epoch: [4/25], Step: [100/178], Loss: 0.3626570403575897
Epoch: [4/25], Step: [110/178], Loss: 0.8291388750076294
Epoch: [4/25], Step: [120/178], Loss: 0.6410638689994812
Epoch: [4/25], Step: [130/178], Loss: 1.1424564123153687
Epoch: [4/25], Step: [140/178], Loss: 0.5632222890853882
Epoch: [4/25], Step: [150/178], Loss: 0.809507429599762
Epoch: [4/25], Step: [160/178], Loss: 0.9639359712600708
Epoch: [4/25], Step: [170/178], Loss: 0.7954956889152527
Epoch: [5/25], Step: [10/178], Loss: 0.8298586010932922
Epoch: [5/25], Step: [20/178], Loss: 0.5472983717918396
Epoch: [5/25], Step: [30/178], Loss: 0.6150897741317749
Epoch: [5/25], Step: [40/178], Loss: 0.4624989926815033
Epoch: [5/25], Step: [50/178], Loss: 0.5634974241256714
Epoch: [5/25], Step: [60/178], Loss: 1.2018189430236816
Epoch: [5/25], Step: [70/178], Loss: 0.7593980431556702
Epoch: [5/25], Step: [80/178], Loss: 0.947554349899292
Epoch: [5/25], Step: [90/178], Loss: 0.6935678720474243
Epoch: [5/25], Step: [100/178], Loss: 0.8398517370223999
Epoch: [5/25], Step: [110/178], Loss: 0.7842119932174683
Epoch: [5/25], Step: [120/178], Loss: 0.8349699974060059
Epoch: [5/25], Step: [130/178], Loss: 1.160703182220459
Epoch: [5/25], Step: [140/178], Loss: 0.8029978275299072
Epoch: [5/25], Step: [150/178], Loss: 0.8109424114227295
Epoch: [5/25], Step: [160/178], Loss: 0.39444035291671753
Epoch: [5/25], Step: [170/178], Loss: 0.5143415927886963
Epoch: [6/25], Step: [10/178], Loss: 0.9313018918037415
Epoch: [6/25], Step: [20/178], Loss: 0.47637003660202026
Epoch: [6/25], Step: [30/178], Loss: 0.7512422800064087
Epoch: [6/25], Step: [40/178], Loss: 0.8085819482803345
Epoch: [6/25], Step: [50/178], Loss: 0.6091094613075256
Epoch: [6/25], Step: [60/178], Loss: 0.5994644165039062
Epoch: [6/25], Step: [70/178], Loss: 0.919213056564331
Epoch: [6/25], Step: [80/178], Loss: 0.622861385345459
Epoch: [6/25], Step: [90/178], Loss: 0.5372105836868286
Epoch: [6/25], Step: [100/178], Loss: 0.5842599868774414
Epoch: [6/25], Step: [110/178], Loss: 0.4268381595611572
Epoch: [6/25], Step: [120/178], Loss: 1.1703826189041138
Epoch: [6/25], Step: [130/178], Loss: 1.308712363243103
Epoch: [6/25], Step: [140/178], Loss: 0.417176753282547
Epoch: [6/25], Step: [150/178], Loss: 0.32381701469421387
Epoch: [6/25], Step: [160/178], Loss: 0.5428587198257446
Epoch: [6/25], Step: [170/178], Loss: 0.6962141394615173
Epoch: [7/25], Step: [10/178], Loss: 0.7376898527145386
Epoch: [7/25], Step: [20/178], Loss: 0.4960651695728302
Epoch: [7/25], Step: [30/178], Loss: 0.6499979496002197
Epoch: [7/25], Step: [40/178], Loss: 0.7512286901473999
Epoch: [7/25], Step: [50/178], Loss: 0.3896489143371582
Epoch: [7/25], Step: [60/178], Loss: 0.3206349015235901
Epoch: [7/25], Step: [70/178], Loss: 0.36696577072143555
Epoch: [7/25], Step: [80/178], Loss: 0.8902385830879211
Epoch: [7/25], Step: [90/178], Loss: 0.3638887405395508
Epoch: [7/25], Step: [100/178], Loss: 0.3290461003780365
Epoch: [7/25], Step: [110/178], Loss: 0.5110452771186829
Epoch: [7/25], Step: [120/178], Loss: 1.1067324876785278
Epoch: [7/25], Step: [130/178], Loss: 0.31244611740112305
Epoch: [7/25], Step: [140/178], Loss: 0.5419631600379944
Epoch: [7/25], Step: [150/178], Loss: 0.5111558437347412
Epoch: [7/25], Step: [160/178], Loss: 1.132580041885376
Epoch: [7/25], Step: [170/178], Loss: 0.6623589992523193
Epoch: [8/25], Step: [10/178], Loss: 0.8833632469177246
Epoch: [8/25], Step: [20/178], Loss: 0.26318344473838806
Epoch: [8/25], Step: [30/178], Loss: 0.5310431122779846
Epoch: [8/25], Step: [40/178], Loss: 0.654154896736145
Epoch: [8/25], Step: [50/178], Loss: 0.4649907946586609
Epoch: [8/25], Step: [60/178], Loss: 0.31809207797050476
Epoch: [8/25], Step: [70/178], Loss: 0.7000672817230225
Epoch: [8/25], Step: [80/178], Loss: 0.4559072256088257
Epoch: [8/25], Step: [90/178], Loss: 0.2709386348724365
Epoch: [8/25], Step: [100/178], Loss: 0.673504114151001
Epoch: [8/25], Step: [110/178], Loss: 0.27406561374664307
Epoch: [8/25], Step: [120/178], Loss: 0.7501111030578613
Epoch: [8/25], Step: [130/178], Loss: 0.4378027319908142
Epoch: [8/25], Step: [140/178], Loss: 0.5840615630149841
Epoch: [8/25], Step: [150/178], Loss: 0.38757622241973877
Epoch: [8/25], Step: [160/178], Loss: 0.4358852505683899
Epoch: [8/25], Step: [170/178], Loss: 0.6222633719444275
Epoch: [9/25], Step: [10/178], Loss: 0.7812681794166565
Epoch: [9/25], Step: [20/178], Loss: 0.46107032895088196
Epoch: [9/25], Step: [30/178], Loss: 0.9612164497375488
Epoch: [9/25], Step: [40/178], Loss: 0.5910037755966187
Epoch: [9/25], Step: [50/178], Loss: 0.5646741390228271
Epoch: [9/25], Step: [60/178], Loss: 0.6927998065948486
Epoch: [9/25], Step: [70/178], Loss: 0.37092626094818115
Epoch: [9/25], Step: [80/178], Loss: 0.248697429895401
Epoch: [9/25], Step: [90/178], Loss: 0.28249266743659973
Epoch: [9/25], Step: [100/178], Loss: 0.8826570510864258
Epoch: [9/25], Step: [110/178], Loss: 0.40564700961112976
Epoch: [9/25], Step: [120/178], Loss: 0.44059425592422485
Epoch: [9/25], Step: [130/178], Loss: 0.7671888470649719
Epoch: [9/25], Step: [140/178], Loss: 0.7693264484405518
Epoch: [9/25], Step: [150/178], Loss: 0.33220821619033813
Epoch: [9/25], Step: [160/178], Loss: 0.47806569933891296
Epoch: [9/25], Step: [170/178], Loss: 0.40130797028541565
Epoch: [10/25], Step: [10/178], Loss: 0.741990864276886
Epoch: [10/25], Step: [20/178], Loss: 0.5401458740234375
Epoch: [10/25], Step: [30/178], Loss: 0.7294820547103882
Epoch: [10/25], Step: [40/178], Loss: 0.15183450281620026
Epoch: [10/25], Step: [50/178], Loss: 0.43256503343582153
Epoch: [10/25], Step: [60/178], Loss: 0.42766523361206055
Epoch: [10/25], Step: [70/178], Loss: 0.2707608938217163
Epoch: [10/25], Step: [80/178], Loss: 0.40621519088745117
Epoch: [10/25], Step: [90/178], Loss: 0.47821158170700073
Epoch: [10/25], Step: [100/178], Loss: 0.5362445712089539
Epoch: [10/25], Step: [110/178], Loss: 0.32396501302719116
Epoch: [10/25], Step: [120/178], Loss: 0.9091131687164307
Epoch: [10/25], Step: [130/178], Loss: 0.2406642585992813
Epoch: [10/25], Step: [140/178], Loss: 0.35107237100601196
Epoch: [10/25], Step: [150/178], Loss: 0.32416513562202454
Epoch: [10/25], Step: [160/178], Loss: 0.6382178068161011
Epoch: [10/25], Step: [170/178], Loss: 0.7232005000114441
Epoch: [11/25], Step: [10/178], Loss: 0.529323399066925
Epoch: [11/25], Step: [20/178], Loss: 0.49393701553344727
Epoch: [11/25], Step: [30/178], Loss: 0.18833643198013306
Epoch: [11/25], Step: [40/178], Loss: 0.34951579570770264
Epoch: [11/25], Step: [50/178], Loss: 0.7112656831741333
Epoch: [11/25], Step: [60/178], Loss: 0.4813883900642395
Epoch: [11/25], Step: [70/178], Loss: 0.34038567543029785
Epoch: [11/25], Step: [80/178], Loss: 0.512144923210144
Epoch: [11/25], Step: [90/178], Loss: 0.41785067319869995
Epoch: [11/25], Step: [100/178], Loss: 0.3063235580921173
Epoch: [11/25], Step: [110/178], Loss: 0.5119736194610596
Epoch: [11/25], Step: [120/178], Loss: 0.4707411527633667
Epoch: [11/25], Step: [130/178], Loss: 0.375372052192688
Epoch: [11/25], Step: [140/178], Loss: 0.5191758871078491
Epoch: [11/25], Step: [150/178], Loss: 0.39772605895996094
Epoch: [11/25], Step: [160/178], Loss: 1.0320342779159546
Epoch: [11/25], Step: [170/178], Loss: 0.3596501648426056
Epoch: [12/25], Step: [10/178], Loss: 0.4314691126346588
Epoch: [12/25], Step: [20/178], Loss: 0.4525420069694519
Epoch: [12/25], Step: [30/178], Loss: 0.3026638329029083
Epoch: [12/25], Step: [40/178], Loss: 0.3587140440940857
Epoch: [12/25], Step: [50/178], Loss: 0.35311222076416016
Epoch: [12/25], Step: [60/178], Loss: 0.34507113695144653
Epoch: [12/25], Step: [70/178], Loss: 0.2777549922466278
Epoch: [12/25], Step: [80/178], Loss: 0.3612558841705322
Epoch: [12/25], Step: [90/178], Loss: 0.6722856760025024
Epoch: [12/25], Step: [100/178], Loss: 0.3704324960708618
Epoch: [12/25], Step: [110/178], Loss: 0.3737957775592804
Epoch: [12/25], Step: [120/178], Loss: 0.5368145704269409
Epoch: [12/25], Step: [130/178], Loss: 0.3340068459510803
Epoch: [12/25], Step: [140/178], Loss: 0.6667979955673218
Epoch: [12/25], Step: [150/178], Loss: 0.3352821171283722
Epoch: [12/25], Step: [160/178], Loss: 0.34110790491104126
Epoch: [12/25], Step: [170/178], Loss: 0.4391138553619385
Epoch: [13/25], Step: [10/178], Loss: 0.30458128452301025
Epoch: [13/25], Step: [20/178], Loss: 0.26259922981262207
Epoch: [13/25], Step: [30/178], Loss: 0.43275153636932373
Epoch: [13/25], Step: [40/178], Loss: 0.3981848955154419
Epoch: [13/25], Step: [50/178], Loss: 0.19917909801006317
Epoch: [13/25], Step: [60/178], Loss: 0.4081417918205261
Epoch: [13/25], Step: [70/178], Loss: 0.31881213188171387
Epoch: [13/25], Step: [80/178], Loss: 0.4799312949180603
Epoch: [13/25], Step: [90/178], Loss: 0.37832117080688477
Epoch: [13/25], Step: [100/178], Loss: 0.5517871975898743
Epoch: [13/25], Step: [110/178], Loss: 0.4690643846988678
Epoch: [13/25], Step: [120/178], Loss: 0.3330954909324646
Epoch: [13/25], Step: [130/178], Loss: 0.5045706033706665
Epoch: [13/25], Step: [140/178], Loss: 0.3026868402957916
Epoch: [13/25], Step: [150/178], Loss: 0.31620609760284424
Epoch: [13/25], Step: [160/178], Loss: 0.2209528684616089
Epoch: [13/25], Step: [170/178], Loss: 0.3329493999481201
Epoch: [14/25], Step: [10/178], Loss: 0.42659109830856323
Epoch: [14/25], Step: [20/178], Loss: 0.45454925298690796
Epoch: [14/25], Step: [30/178], Loss: 0.36486124992370605
Epoch: [14/25], Step: [40/178], Loss: 0.29668837785720825
Epoch: [14/25], Step: [50/178], Loss: 0.2712278962135315
Epoch: [14/25], Step: [60/178], Loss: 0.41525977849960327
Epoch: [14/25], Step: [70/178], Loss: 0.205653578042984
Epoch: [14/25], Step: [80/178], Loss: 0.35488182306289673
Epoch: [14/25], Step: [90/178], Loss: 0.4818223714828491
Epoch: [14/25], Step: [100/178], Loss: 0.23453563451766968
Epoch: [14/25], Step: [110/178], Loss: 0.3279374837875366
Epoch: [14/25], Step: [120/178], Loss: 0.20296767354011536
Epoch: [14/25], Step: [130/178], Loss: 0.43583810329437256
Epoch: [14/25], Step: [140/178], Loss: 0.25080111622810364
Epoch: [14/25], Step: [150/178], Loss: 0.44960108399391174
Epoch: [14/25], Step: [160/178], Loss: 0.44884663820266724
Epoch: [14/25], Step: [170/178], Loss: 0.8066673278808594
Epoch: [15/25], Step: [10/178], Loss: 0.23250111937522888
Epoch: [15/25], Step: [20/178], Loss: 0.5764774680137634
Epoch: [15/25], Step: [30/178], Loss: 0.17018036544322968
Epoch: [15/25], Step: [40/178], Loss: 0.26708588004112244
Epoch: [15/25], Step: [50/178], Loss: 0.1852354258298874
Epoch: [15/25], Step: [60/178], Loss: 0.2733786106109619
Epoch: [15/25], Step: [70/178], Loss: 0.3133883476257324
Epoch: [15/25], Step: [80/178], Loss: 0.3135935664176941
Epoch: [15/25], Step: [90/178], Loss: 0.258289635181427
Epoch: [15/25], Step: [100/178], Loss: 0.4033324122428894
Epoch: [15/25], Step: [110/178], Loss: 0.27144336700439453
Epoch: [15/25], Step: [120/178], Loss: 0.24534687399864197
Epoch: [15/25], Step: [130/178], Loss: 0.2607627213001251
Epoch: [15/25], Step: [140/178], Loss: 0.23545096814632416
Epoch: [15/25], Step: [150/178], Loss: 0.32042551040649414
Epoch: [15/25], Step: [160/178], Loss: 0.5045575499534607
Epoch: [15/25], Step: [170/178], Loss: 0.27535301446914673
Epoch: [16/25], Step: [10/178], Loss: 0.2762926518917084
Epoch: [16/25], Step: [20/178], Loss: 0.23533234000205994
Epoch: [16/25], Step: [30/178], Loss: 0.2348230481147766
Epoch: [16/25], Step: [40/178], Loss: 0.20849953591823578
Epoch: [16/25], Step: [50/178], Loss: 0.24053683876991272
Epoch: [16/25], Step: [60/178], Loss: 0.28499388694763184
Epoch: [16/25], Step: [70/178], Loss: 0.23401743173599243
Epoch: [16/25], Step: [80/178], Loss: 0.4022531509399414
Epoch: [16/25], Step: [90/178], Loss: 0.4239063858985901
Epoch: [16/25], Step: [100/178], Loss: 0.27569323778152466
Epoch: [16/25], Step: [110/178], Loss: 0.24521924555301666
Epoch: [16/25], Step: [120/178], Loss: 0.2763150930404663
Epoch: [16/25], Step: [130/178], Loss: 0.3735862374305725
Epoch: [16/25], Step: [140/178], Loss: 0.3730699419975281
Epoch: [16/25], Step: [150/178], Loss: 0.1881592571735382
Epoch: [16/25], Step: [160/178], Loss: 0.2965945303440094
Epoch: [16/25], Step: [170/178], Loss: 0.45217832922935486
Epoch: [17/25], Step: [10/178], Loss: 0.20295551419258118
Epoch: [17/25], Step: [20/178], Loss: 0.23204416036605835
Epoch: [17/25], Step: [30/178], Loss: 0.22303925454616547
Epoch: [17/25], Step: [40/178], Loss: 0.2812969386577606
Epoch: [17/25], Step: [50/178], Loss: 0.5349107980728149
Epoch: [17/25], Step: [60/178], Loss: 0.5126948356628418
Epoch: [17/25], Step: [70/178], Loss: 0.3372727632522583
Epoch: [17/25], Step: [80/178], Loss: 0.2701861262321472
Epoch: [17/25], Step: [90/178], Loss: 0.38936764001846313
Epoch: [17/25], Step: [100/178], Loss: 0.3082723617553711
Epoch: [17/25], Step: [110/178], Loss: 0.20094577968120575
Epoch: [17/25], Step: [120/178], Loss: 0.20420469343662262
Epoch: [17/25], Step: [130/178], Loss: 0.15946513414382935
Epoch: [17/25], Step: [140/178], Loss: 0.3269596993923187
Epoch: [17/25], Step: [150/178], Loss: 0.28993847966194153
Epoch: [17/25], Step: [160/178], Loss: 0.5065897703170776
Epoch: [17/25], Step: [170/178], Loss: 0.24287517368793488
Epoch: [18/25], Step: [10/178], Loss: 0.24799895286560059
Epoch: [18/25], Step: [20/178], Loss: 0.2960670292377472
Epoch: [18/25], Step: [30/178], Loss: 0.3615037500858307
Epoch: [18/25], Step: [40/178], Loss: 0.24522686004638672
Epoch: [18/25], Step: [50/178], Loss: 0.4090521037578583
Epoch: [18/25], Step: [60/178], Loss: 0.2142086625099182
Epoch: [18/25], Step: [70/178], Loss: 0.1748265027999878
Epoch: [18/25], Step: [80/178], Loss: 0.3045191764831543
Epoch: [18/25], Step: [90/178], Loss: 0.241994708776474
Epoch: [18/25], Step: [100/178], Loss: 0.5409759879112244
Epoch: [18/25], Step: [110/178], Loss: 0.33770495653152466
Epoch: [18/25], Step: [120/178], Loss: 0.23278877139091492
Epoch: [18/25], Step: [130/178], Loss: 0.14628911018371582
Epoch: [18/25], Step: [140/178], Loss: 0.17337115108966827
Epoch: [18/25], Step: [150/178], Loss: 0.5690703392028809
Epoch: [18/25], Step: [160/178], Loss: 0.3407406508922577
Epoch: [18/25], Step: [170/178], Loss: 0.43382349610328674
Epoch: [19/25], Step: [10/178], Loss: 0.21986877918243408
Epoch: [19/25], Step: [20/178], Loss: 0.1740027219057083
Epoch: [19/25], Step: [30/178], Loss: 0.176262766122818
Epoch: [19/25], Step: [40/178], Loss: 0.32365813851356506
Epoch: [19/25], Step: [50/178], Loss: 0.25061994791030884
Epoch: [19/25], Step: [60/178], Loss: 0.35213762521743774
Epoch: [19/25], Step: [70/178], Loss: 0.14251291751861572
Epoch: [19/25], Step: [80/178], Loss: 0.5263241529464722
Epoch: [19/25], Step: [90/178], Loss: 0.2254735380411148
Epoch: [19/25], Step: [100/178], Loss: 0.542777419090271
Epoch: [19/25], Step: [110/178], Loss: 0.24657155573368073
Epoch: [19/25], Step: [120/178], Loss: 0.21684983372688293
Epoch: [19/25], Step: [130/178], Loss: 0.24555286765098572
Epoch: [19/25], Step: [140/178], Loss: 0.24113279581069946
Epoch: [19/25], Step: [150/178], Loss: 0.22988465428352356
Epoch: [19/25], Step: [160/178], Loss: 0.3332406282424927
Epoch: [19/25], Step: [170/178], Loss: 0.3014105558395386
Epoch: [20/25], Step: [10/178], Loss: 0.24619460105895996
Epoch: [20/25], Step: [20/178], Loss: 0.15254560112953186
Epoch: [20/25], Step: [30/178], Loss: 0.32471418380737305
Epoch: [20/25], Step: [40/178], Loss: 0.2518235445022583
Epoch: [20/25], Step: [50/178], Loss: 0.39117124676704407
Epoch: [20/25], Step: [60/178], Loss: 0.32814064621925354
Epoch: [20/25], Step: [70/178], Loss: 0.2204042673110962
Epoch: [20/25], Step: [80/178], Loss: 0.3292456865310669
Epoch: [20/25], Step: [90/178], Loss: 0.21166062355041504
Epoch: [20/25], Step: [100/178], Loss: 0.13923346996307373
Epoch: [20/25], Step: [110/178], Loss: 0.29384395480155945
Epoch: [20/25], Step: [120/178], Loss: 0.4119162857532501
Epoch: [20/25], Step: [130/178], Loss: 0.18310227990150452
Epoch: [20/25], Step: [140/178], Loss: 0.13700205087661743
Epoch: [20/25], Step: [150/178], Loss: 0.2068728357553482
Epoch: [20/25], Step: [160/178], Loss: 0.24012620747089386
Epoch: [20/25], Step: [170/178], Loss: 0.28783082962036133
Epoch: [21/25], Step: [10/178], Loss: 0.2018727958202362
Epoch: [21/25], Step: [20/178], Loss: 0.3314000368118286
Epoch: [21/25], Step: [30/178], Loss: 0.30918383598327637
Epoch: [21/25], Step: [40/178], Loss: 0.2521054148674011
Epoch: [21/25], Step: [50/178], Loss: 0.3010309040546417
Epoch: [21/25], Step: [60/178], Loss: 0.2006046175956726
Epoch: [21/25], Step: [70/178], Loss: 0.16890069842338562
Epoch: [21/25], Step: [80/178], Loss: 0.1368272453546524
Epoch: [21/25], Step: [90/178], Loss: 0.258743554353714
Epoch: [21/25], Step: [100/178], Loss: 0.25632718205451965
Epoch: [21/25], Step: [110/178], Loss: 0.15951406955718994
Epoch: [21/25], Step: [120/178], Loss: 0.25585827231407166
Epoch: [21/25], Step: [130/178], Loss: 0.22568824887275696
Epoch: [21/25], Step: [140/178], Loss: 0.19018903374671936
Epoch: [21/25], Step: [150/178], Loss: 0.22597408294677734
Epoch: [21/25], Step: [160/178], Loss: 0.16986268758773804
Epoch: [21/25], Step: [170/178], Loss: 0.21067658066749573
Epoch: [22/25], Step: [10/178], Loss: 0.19681856036186218
Epoch: [22/25], Step: [20/178], Loss: 0.21487414836883545
Epoch: [22/25], Step: [30/178], Loss: 0.24851173162460327
Epoch: [22/25], Step: [40/178], Loss: 0.1661643087863922
Epoch: [22/25], Step: [50/178], Loss: 0.21407334506511688
Epoch: [22/25], Step: [60/178], Loss: 0.20358330011367798
Epoch: [22/25], Step: [70/178], Loss: 0.21327592432498932
Epoch: [22/25], Step: [80/178], Loss: 0.1917172372341156
Epoch: [22/25], Step: [90/178], Loss: 0.09229988604784012
Epoch: [22/25], Step: [100/178], Loss: 0.2481396347284317
Epoch: [22/25], Step: [110/178], Loss: 0.1720370352268219
Epoch: [22/25], Step: [120/178], Loss: 0.28620272874832153
Epoch: [22/25], Step: [130/178], Loss: 0.18217909336090088
Epoch: [22/25], Step: [140/178], Loss: 0.312893807888031
Epoch: [22/25], Step: [150/178], Loss: 0.1872742921113968
Epoch: [22/25], Step: [160/178], Loss: 0.2175365686416626
Epoch: [22/25], Step: [170/178], Loss: 0.348941445350647
Epoch: [23/25], Step: [10/178], Loss: 0.25496706366539
Epoch: [23/25], Step: [20/178], Loss: 0.4032941460609436
Epoch: [23/25], Step: [30/178], Loss: 0.23222783207893372
Epoch: [23/25], Step: [40/178], Loss: 0.10475973784923553
Epoch: [23/25], Step: [50/178], Loss: 0.2542276680469513
Epoch: [23/25], Step: [60/178], Loss: 0.24323788285255432
Epoch: [23/25], Step: [70/178], Loss: 0.20232269167900085
Epoch: [23/25], Step: [80/178], Loss: 0.2718842029571533
Epoch: [23/25], Step: [90/178], Loss: 0.19259458780288696
Epoch: [23/25], Step: [100/178], Loss: 0.18855398893356323
Epoch: [23/25], Step: [110/178], Loss: 0.2969948649406433
Epoch: [23/25], Step: [120/178], Loss: 0.21947422623634338
Epoch: [23/25], Step: [130/178], Loss: 0.2247946858406067
Epoch: [23/25], Step: [140/178], Loss: 0.5309984683990479
Epoch: [23/25], Step: [150/178], Loss: 0.1933753490447998
Epoch: [23/25], Step: [160/178], Loss: 0.32852619886398315
Epoch: [23/25], Step: [170/178], Loss: 0.27109217643737793
Epoch: [24/25], Step: [10/178], Loss: 0.20446252822875977
Epoch: [24/25], Step: [20/178], Loss: 0.23437300324440002
Epoch: [24/25], Step: [30/178], Loss: 0.24323894083499908
Epoch: [24/25], Step: [40/178], Loss: 0.23016345500946045
Epoch: [24/25], Step: [50/178], Loss: 0.20515230298042297
Epoch: [24/25], Step: [60/178], Loss: 0.2107757329940796
Epoch: [24/25], Step: [70/178], Loss: 0.20078825950622559
Epoch: [24/25], Step: [80/178], Loss: 0.1561768352985382
Epoch: [24/25], Step: [90/178], Loss: 0.12161456793546677
Epoch: [24/25], Step: [100/178], Loss: 0.24157403409481049
Epoch: [24/25], Step: [110/178], Loss: 0.28648313879966736
Epoch: [24/25], Step: [120/178], Loss: 0.2608478367328644
Epoch: [24/25], Step: [130/178], Loss: 0.3231494426727295
Epoch: [24/25], Step: [140/178], Loss: 0.3079011142253876
Epoch: [24/25], Step: [150/178], Loss: 0.15339085459709167
Epoch: [24/25], Step: [160/178], Loss: 0.265188604593277
Epoch: [24/25], Step: [170/178], Loss: 0.2699222266674042
Epoch: [25/25], Step: [10/178], Loss: 0.3547803461551666
Epoch: [25/25], Step: [20/178], Loss: 0.22409948706626892
Epoch: [25/25], Step: [30/178], Loss: 0.09907250106334686
Epoch: [25/25], Step: [40/178], Loss: 0.4424569010734558
Epoch: [25/25], Step: [50/178], Loss: 0.21701064705848694
Epoch: [25/25], Step: [60/178], Loss: 0.23374506831169128
Epoch: [25/25], Step: [70/178], Loss: 0.16571611166000366
Epoch: [25/25], Step: [80/178], Loss: 0.16123458743095398
Epoch: [25/25], Step: [90/178], Loss: 0.2738177478313446
Epoch: [25/25], Step: [100/178], Loss: 0.2850024402141571
Epoch: [25/25], Step: [110/178], Loss: 0.1725139021873474
Epoch: [25/25], Step: [120/178], Loss: 0.19467072188854218
Epoch: [25/25], Step: [130/178], Loss: 0.3317527174949646
Epoch: [25/25], Step: [140/178], Loss: 0.22848479449748993
Epoch: [25/25], Step: [150/178], Loss: 0.3773585557937622
Epoch: [25/25], Step: [160/178], Loss: 0.29135602712631226
Epoch: [25/25], Step: [170/178], Loss: 0.23504580557346344
RMSE: nan deg/s
median of relative error: nan
/home/ljw/anaconda3/lib/python3.8/site-packages/numpy/core/fromnumeric.py:3372: RuntimeWarning: Mean of empty slice.
  return _methods._mean(a, axis=axis, dtype=dtype,
/home/ljw/anaconda3/lib/python3.8/site-packages/numpy/core/_methods.py:170: RuntimeWarning: invalid value encountered in true_divide
  ret = ret.dtype.type(ret / rcount)
test loss: tensor(0.4320, device='cuda:0')
test loss: tensor(0.4114, device='cuda:0')
test loss: tensor(0.6629, device='cuda:0')
test loss: tensor(1.0501, device='cuda:0')
test loss: tensor(0.1961, device='cuda:0')
test loss: tensor(0.5413, device='cuda:0')
test loss: tensor(0.5577, device='cuda:0')
test loss: tensor(0.8974, device='cuda:0')
test loss: tensor(0.8393, device='cuda:0')
test loss: tensor(0.3444, device='cuda:0')
test loss: tensor(0.8106, device='cuda:0')
test loss: tensor(0.4010, device='cuda:0')
test loss: tensor(0.5437, device='cuda:0')
test loss: tensor(0.7201, device='cuda:0')
test loss: tensor(0.4966, device='cuda:0')
test loss: tensor(0.3368, device='cuda:0')
test loss: tensor(0.5598, device='cuda:0')
test loss: tensor(0.3334, device='cuda:0')
test loss: tensor(0.5105, device='cuda:0')
test loss: tensor(0.3126, device='cuda:0')
RMSE: nan deg/s
median of relative error: nan
