loading data...
Seq_ 0 Length  11058
149.746999
Seq_ 1 Length  15168
149.71600099999998
Seq_ 2 Length  18844
150.00800099999998
Seq_ 3 Length  48013
149.98200100000003
Seq_ 4 Length  85716
149.99099999999999
Seq_ 5 Length  97923
149.984
Seq_ 6 Length  91009
149.99200000000002
Seq_ 7 Length  83293
150.00200100000004
Seq_ 8 Length  101561
149.9960009999999
Seq_ 9 Length  106115
149.99999900000003
Seq_ 10 Length  108371
150.0079999999999
Seq_ 11 Length  93906
150.00600099999994
Seq_ 12 Length  94951
149.9930010000001
Seq_ 13 Length  117880
149.99599899999993
Seq_ 14 Length  121206
150.01400100000018
Seq_ 15 Length  132474
149.99099999999999
Seq_ 16 Length  82114
150.00699900000035
Seq_ 17 Length  39544
150.0029999999999
Seq_ 18 Length  103964
150.00699899999992
Seq_ 19 Length  157395
149.98299900000012
Seq_ 20 Length  165978
149.9880010000001
Seq_ 21 Length  158492
149.99799999999965
Seq_ 22 Length  142716
149.99499900000004
Seq_ 23 Length  150585
149.99099999999999
Seq_ 24 Length  86371
150.02100099999984
Seq_ 25 Length  94652
150.00699999999998
Seq_ 26 Length  98142
150.01000000000045
Seq_ 27 Length  106095
149.99099999999999
Seq_ 28 Length  123873
149.9889999999997
Seq_ 29 Length  146356
149.98800100000054
Seq_ 30 Length  124877
149.99800000000008
Seq_ 31 Length  119112
149.99599999999978
Seq_ 32 Length  161327
149.98600000000016
Seq_ 33 Length  115505
169.99600100000032
Seq_ 34 Length  121001
159.9889999999995
Seq_ 35 Length  110312
150.00200000000063
Seq_ 36 Length  147675
150.00899899999976
Seq_ 37 Length  160911
150.00600100000037
Seq_ 38 Length  243992
160.01300100000026
Seq_ 39 Length  134817
150.00700000000046
Seq_ 40 Length  131098
150.00700099999963
Seq_ 41 Length  164198
150.00399899999996
Seq_ 42 Length  192147
149.9980000000001
Seq_ 43 Length  89173
149.99199900000002
Seq_ 44 Length  108459
150.00399899999994
Seq_ 45 Length  197479
149.98600000000016
Seq_ 46 Length  96847
154.9940000000003
Seq_ 47 Length  133744
149.9959999999998
Seq_ 48 Length  204140
149.99199900000005
Seq_ 49 Length  166253
149.99800000000008
Seq_ 50 Length  170216
149.99899900000014
Seq_ 51 Length  141013
149.99800000000008
Seq_ 52 Length  168700
150.0059999999994
Seq_ 53 Length  186084
150.00899900000064
Seq_ 54 Length  124632
150.00500000000017
Seq_ 55 Length  100328
149.98899899999964
Seq_ 56 Length  166282
154.9909989999989
Seq_ 57 Length  176542
149.98299899999878
Seq_ 58 Length  164364
149.98100100000045
Seq_ 59 Length  129798
149.98099900000028
Seq_ 60 Length  271857
149.9940009999996
Seq_ 61 Length  232404
149.9839999999999
Seq_ 62 Length  264011
149.99500099999887
Seq_ 63 Length  193719
150.00199999999884
Seq_ 64 Length  113055
150.0049999999984
Seq_ 65 Length  133318
150.01599899999894
Seq_ 66 Length  111744
150.00200100000075
Seq_ 67 Length  118827
149.97299899999916
Seq_ 68 Length  52724
149.99399999999952
Seq_ 69 Length  69326
150.00599899999932
Seq_ 70 Length  132469
150.00500000000017
Seq_ 71 Length  115652
150.0470000000007
Seq_ 72 Length  114575
149.99099999999999
Seq_ 73 Length  84574
150.0009999999996
Seq_ 74 Length  149323
150.00099899999952
Seq_ 75 Length  246085
149.99800100000016
Seq_ 76 Length  292392
149.99099999999999
Seq_ 77 Length  271758
150.00500000000017
Seq_ 78 Length  221002
149.99600000000157
Seq_ 79 Length  129753
149.98099999999857
Seq_ 80 Length  111979
149.98200099999968
Seq_ 81 Length  167256
150.00000099999866
Seq_ 82 Length  259070
149.9970009999991
Seq_ 83 Length  275418
149.99600099999986
Seq_ 84 Length  198146
149.9860000000002
Seq_ 85 Length  218537
149.99899999999934
Seq_ 86 Length  201514
149.99600099999986
Seq_ 87 Length  216763
149.9920010000011
Seq_ 88 Length  165677
149.9990000000011
Seq_ 89 Length  154835
174.99699999999942
Seq_ 90 Length  286299
224.9940009999989
Seq_ 91 Length  227397
189.99700100000007
Seq_ 92 Length  272418
329.99300100000005
Seq_ 93 Length  200279
155.0180010000002
Seq_ 94 Length  215110
149.99099999999999
Seq_ 95 Length  221579
149.9960009999999
Seq_ 96 Length  166628
150.00300099999995
Seq_ 97 Length  270121
149.99600100000166
Seq_ 98 Length  240549
150.0059999999994
Seq_ 99 Length  322420
150.0079999999997
Seq_ 100 Length  295471
150.0199990000013
Seq_ 101 Length  309347
150.0079999999997
Seq_ 102 Length  207382
150.00900000000075
Seq_ 103 Length  134001
150.0009999999996
Seq_ 104 Length  171441
150.00000099999866
Seq_ 105 Length  207528
149.98800000000045
Seq_ 106 Length  315904
149.98200100000147
Seq_ 107 Length  455976
149.99199900000093
Seq_ 108 Length  492034
174.9970009999977
Seq_ 109 Length  185698
154.99699900000152
Seq_ 110 Length  294453
160.00100000000117
Seq_ 111 Length  361030
149.9879999999969
Seq_ 112 Length  369024
150.0009999999996
Seq_ 113 Length  232616
150.00200000000063
Seq_ 114 Length  108616
149.99399899999943
Seq_ 115 Length  138794
150.00800099999978
Seq_ 116 Length  222854
150.01400099999884
Seq_ 117 Length  298280
150.0009999999996
Seq_ 118 Length  276085
150.00200100000072
Seq_ 119 Length  309624
150.0059990000011
Seq_ 120 Length  418695
164.98900099999858
Seq_ 121 Length  506980
149.99499900000046
Seq_ 122 Length  480660
150.00600099999772
Seq_ 123 Length  271183
150.00099899999952
Seq_ 124 Length  121167
149.99999900000205
Seq_ 125 Length  165567
150.00999900000167
Seq_ 126 Length  184689
150.00900000000073
Seq_ 127 Length  97044
150.00699900000214
Seq_ 128 Length  78982
149.99699999999905
Seq_ 129 Length  121237
150.00000000000213
Seq_ 130 Length  132622
149.9889990000014
Seq_ 131 Length  73448
149.99599999999802
Seq_ 132 Length  114216
150.00200000000063
Seq_ 133 Length  192104
155.00299999999712
Seq_ 134 Length  236999
180.01300099999895
Seq_ 135 Length  221255
149.9990000000011
Seq_ 136 Length  125193
150.0039990000026
Seq_ 137 Length  250924
150.00699900000214
Seq_ 138 Length  223523
149.98199899999776
Seq_ 139 Length  171370
149.99700099999913
Seq_ 140 Length  258545
149.99300099999857
Seq_ 141 Length  333649
149.98799900000037
Seq_ 142 Length  487514
150.0030009999982
Seq_ 143 Length  326752
150.01600000000082
Seq_ 144 Length  206271
150.0079999999997
Seq_ 145 Length  405857
150.0090010000008
Seq_ 146 Length  619459
164.9799999999999
Seq_ 147 Length  425699
154.99600000000058
Seq_ 148 Length  330994
149.99800000000008
Seq_ 149 Length  289485
149.98600099999848
Seq_ 150 Length  143469
149.97800100000092
Seq_ 151 Length  185386
150.01900000000035
Seq_ 152 Length  409988
150.0239989999983
Seq_ 153 Length  401320
150.0009999999996
Seq_ 154 Length  151174
150.00899999999717
Seq_ 155 Length  201956
150.00200000000063
Seq_ 156 Length  326654
149.9990000000011
Seq_ 157 Length  558861
149.99099999999999
Seq_ 158 Length  439921
150.00899999999717
Seq_ 159 Length  166259
150.00399999999914
Seq_ 160 Length  469399
150.00399999999914
Seq_ 161 Length  793394
154.9839999999989
Seq_ 162 Length  499230
149.98100000000036
Seq_ 163 Length  556105
149.98299900000234
Seq_ 164 Length  245851
149.99299900000196
Seq_ 165 Length  214467
154.997998999999
Seq_ 166 Length  501733
164.99899999999812
Seq_ 167 Length  420594
150.00000099999866
Seq_ 168 Length  629301
155.00400099999823
Seq_ 169 Length  488828
150.01599900000073
Seq_ 170 Length  663591
150.01399999999876
Seq_ 171 Length  299404
150.00399999999914
Seq_ 172 Length  273261
150.0069989999986
Seq_ 173 Length  737959
150.00599999999764
Seq_ 174 Length  536146
149.99300099999857
Seq_ 175 Length  610436
149.99800000000008
Seq_ 176 Length  360132
150.01000099999828
Seq_ 177 Length  408643
149.99800000000008
Seq_ 178 Length  317127
149.989000999998
Seq_ 179 Length  271184
154.98900100000057
Seq_ 180 Length  446611
150.0140000000023
Seq_ 181 Length  588110
149.9970000000026
Seq_ 182 Length  588870
149.99499900000046
Seq_ 183 Length  532618
149.99099999999999
Seq_ 184 Length  531167
149.98899899999785
Seq_ 185 Length  677162
150.00999900000167
Seq_ 186 Length  712273
149.95599899999945
Seq_ 187 Length  697449
149.9839989999998
Seq_ 188 Length  262602
150.0079999999997
Seq_ 189 Length  162439
149.9970000000026
Seq_ 190 Length  482563
149.9769999999998
Seq_ 191 Length  357103
149.98499900000084
Seq_ 192 Length  372824
150.0140000000023
Seq_ 193 Length  169241
154.96700000000274
Seq_ 194 Length  145585
149.99699999999905
Seq_ 195 Length  207879
149.9960009999981
Seq_ 196 Length  420106
149.9820000000014
Seq_ 197 Length  204045
149.98199999999784
Seq_ 198 Length  341358
150.033999999998
Seq_ 199 Length  503605
150.01399999999876
Seq_ 200 Length  254405
149.98500000000092
Seq_ 201 Length  461399
149.98700100000306
Seq_ 202 Length  530704
150.0180009999994
Seq_ 203 Length  677266
149.99000099999904
Seq_ 204 Length  777536
164.99900000000167
Seq_ 205 Length  645682
160.01300100000293
Seq_ 206 Length  520730
179.96899999999982
Seq_ 207 Length  432499
150.00300100000175
Seq_ 208 Length  797007
164.98800000000102
Seq_ 209 Length  680768
174.99000099999762
Seq_ 210 Length  553325
149.9820000000014
Seq_ 211 Length  512979
150.02699899999783
Seq_ 212 Length  554920
150.01900000000035
Seq_ 213 Length  679259
149.98800000000045
Seq_ 214 Length  596389
150.00400099999922
Seq_ 215 Length  654576
149.98400099999998
Seq_ 216 Length  607651
150.00100000000316
Seq_ 217 Length  403190
149.9920010000011
Seq_ 218 Length  530218
150.0169999999983
Seq_ 219 Length  564166
155.01899899999927
Seq_ 220 Length  581527
155.01099899999815
Seq_ 221 Length  404457
165.01399999999933
Seq_ 222 Length  302164
150.00700000000222
Seq_ 223 Length  449650
150.00799900000317
Seq_ 224 Length  228731
154.98700100000207
Seq_ 225 Length  289392
150.0040000000027
Seq_ 226 Length  428573
150.01000000000175
Seq_ 227 Length  229877
150.01600000000082
Seq_ 228 Length  471078
155.00699900000114
Seq_ 229 Length  663801
174.9900000000011
Seq_ 230 Length  729509
154.9959990000005
Seq_ 231 Length  772627
229.99599999999987
Seq_ 232 Length  676555
150.01099999999923
Seq_ 233 Length  458310
150.00899999999717
Seq_ 234 Length  877551
194.99000100000075
Seq_ 235 Length  657762
185.00199999999722
Seq_ 236 Length  779509
174.99999900000063
Seq_ 237 Length  723994
150.00599999999764
Seq_ 238 Length  758216
160.0040000000007
Seq_ 239 Length  592091
160.00800100000134
Seq_ 240 Length  526794
150.01200100000034
Seq_ 241 Length  376213
159.99099900000147
Seq_ 242 Length  414743
159.990999999998
Seq_ 243 Length  543292
150.0010009999997
Seq_ 244 Length  676241
150.00200000000063
Seq_ 245 Length  756419
165.0070000000028
Seq_ 246 Length  802286
185.00099999999975
Seq_ 247 Length  761089
159.97999900000082
Seq_ 248 Length  610074
160.00700000000023
Seq_ 249 Length  809746
160.0040000000007
Seq_ 250 Length  561599
155.0009999999986
Seq_ 251 Length  652320
174.99699999999763
Seq_ 252 Length  412919
170.00600000000077
Seq_ 253 Length  540034
150.01199900000017
Seq_ 254 Length  438306
155.0210010000015
Seq_ 255 Length  466034
154.99599999999703
Seq_ 256 Length  186173
149.99499900000046
Seq_ 257 Length  302665
170.00599899999713
Seq_ 258 Length  194315
204.98899900000112
Seq_ 259 Length  170087
150.00899900000064
Seq_ 260 Length  473330
150.00200000000063
Seq_ 261 Length  314065
149.997999
Seq_ 262 Length  151752
150.0079999999997
Seq_ 263 Length  172849
150.0010009999997
Seq_ 264 Length  124216
149.99800100000016
Seq_ 265 Length  247043
160.0029989999996
Seq_ 266 Length  364907
150.0079999999997
Seq_ 267 Length  336976
160.01100100000087
Seq_ 268 Length  313202
170.0140000000019
Seq_ 269 Length  220648
150.00300100000175
Seq_ 270 Length  493182
149.99600000000157
Seq_ 271 Length  554056
149.98800000000045
Seq_ 272 Length  154315
149.9889990000014
Seq_ 273 Length  243927
150.00300100000175
Seq_ 274 Length  207269
150.00500000000017
Seq_ 275 Length  175080
150.0079999999997
Seq_ 276 Length  160119
150.00200000000063
Seq_ 277 Length  225989
150.00599999999764
Seq_ 278 Length  219132
150.00200000000063
Seq_ 279 Length  217745
149.99300000000204
Seq_ 280 Length  243441
149.9900000000025
Seq_ 281 Length  353356
149.9889990000014
Seq_ 282 Length  177402
149.994999999997
Seq_ 283 Length  443886
150.00399899999906
Seq_ 284 Length  392546
154.9890000000005
Seq_ 285 Length  129185
149.993999000003
Seq_ 286 Length  170016
150.02900100000005
Seq_ 287 Length  524883
204.99399999999923
Seq_ 288 Length  357185
154.98300000000143
Seq_ 289 Length  481705
149.98800000000045
Seq_ 290 Length  241226
149.9839989999998
Seq_ 291 Length  360671
170.00800000000282
Seq_ 292 Length  218357
150.01800000000287
Seq_ 293 Length  197591
149.97900000000186
Seq_ 294 Length  458047
149.9769999999998
Seq_ 295 Length  389677
149.98599900000187
Seq_ 296 Length  256884
149.9859999999984
Seq_ 297 Length  226323
150.01099999999923
Seq_ 298 Length  343064
155.01099899999815
Seq_ 299 Length  738028
160.00799900000118
Seq_ 300 Length  541365
150.01000000000175
Seq_ 301 Length  191162
150.00399899999906
Seq_ 302 Length  275117
150.00399899999906
Seq_ 303 Length  169200
150.02099899999877
Seq_ 304 Length  137921
149.99999999999858
Seq_ 305 Length  134205
149.99199999999746
Seq_ 306 Length  307352
150.01399999999876
Seq_ 307 Length  487811
155.00300000000067
Seq_ 308 Length  288919
154.99200000000002
Seq_ 309 Length  148644
149.9960009999981
Seq_ 310 Length  242785
154.98499899999985
Seq_ 311 Length  279751
149.99499900000046
Seq_ 312 Length  277851
149.98199899999776
Seq_ 313 Length  361793
149.997999
Seq_ 314 Length  351517
150.0249999999994
Seq_ 315 Length  241878
175.00600099999986
Seq_ 316 Length  185853
149.99699999999905
Seq_ 317 Length  359764
160.00600000000276
Seq_ 318 Length  420740
149.9990000000011
Seq_ 319 Length  676444
184.9899999999991
Seq_ 320 Length  516499
149.99099999999999
Seq_ 321 Length  294354
149.997999
Seq_ 322 Length  533774
149.99399999999952
Seq_ 323 Length  591042
149.9960009999981
Seq_ 324 Length  415769
149.9929989999984
Seq_ 325 Length  550201
155.00300000000067
Seq_ 326 Length  438223
150.0079999999997
Seq_ 327 Length  742971
160.00800100000134
Seq_ 328 Length  630109
164.98099999999738
Seq_ 329 Length  861404
159.98499999999893
Seq_ 330 Length  877967
174.9860010000006
Seq_ 331 Length  766799
155.00399999999814
Seq_ 332 Length  700489
180.00200000000177
Seq_ 333 Length  702601
159.9920009999991
Seq_ 334 Length  741725
160.00199999999865
Seq_ 335 Length  793902
174.99600000000015
Seq_ 336 Length  343546
149.99999900000205
Seq_ 337 Length  255265
149.994999999997
Seq_ 338 Length  290356
149.99500100000063
Seq_ 339 Length  366496
149.99999999999858
Seq_ 340 Length  432162
149.98699899999934
Seq_ 341 Length  543048
149.98299999999887
Seq_ 342 Length  513475
150.01099999999923
Seq_ 343 Length  420369
150.01599899999718
Seq_ 344 Length  698340
165.00299999999868
Seq_ 345 Length  446830
150.0090010000008
Seq_ 346 Length  486255
150.00700099999875
Seq_ 347 Length  347530
150.01500000000334
Seq_ 348 Length  434228
149.99700100000268
Seq_ 349 Length  345596
149.99600000000157
Seq_ 350 Length  701726
170.00099900000265
Seq_ 351 Length  712055
184.9940000000032
Seq_ 352 Length  806242
159.97200099999986
Seq_ 353 Length  570394
149.99699999999905
Seq_ 354 Length  483369
150.00399899999906
Seq_ 355 Length  573998
150.0059990000011
Seq_ 356 Length  440746
149.99700100000268
Seq_ 357 Length  567506
150.0079999999997
Seq_ 358 Length  627415
155.01400000000132
Seq_ 359 Length  301487
149.99500100000063
Seq_ 360 Length  488078
150.00200000000063
Seq_ 361 Length  676506
155.00300000000067
Seq_ 362 Length  463824
150.0079999999997
Seq_ 363 Length  448755
150.0079999999997
Seq_ 364 Length  459829
164.99499900000103
Seq_ 365 Length  402038
155.00399999999814
Seq_ 366 Length  394573
160.00000100000022
Seq_ 367 Length  376569
150.00200099999716
Seq_ 368 Length  563099
179.99700000000018
Seq_ 369 Length  402477
160.00599899999912
Seq_ 370 Length  500118
150.00500000000017
Seq_ 371 Length  404957
150.00599999999764
Seq_ 372 Length  416196
150.00200000000063
Seq_ 373 Length  367502
150.0079999999997
Seq_ 374 Length  445711
149.98800000000045
Seq_ 375 Length  435416
149.98400099999998
Seq_ 376 Length  307100
149.99199900000093
Seq_ 377 Length  513733
150.00700000000222
Seq_ 378 Length  404880
165.01400100000296
Seq_ 379 Length  436320
190.0100000000009
Seq_ 380 Length  524263
150.00700099999875
Seq_ 381 Length  330468
160.00899899999865
Seq_ 382 Length  500197
169.98799899999995
Seq_ 383 Length  354486
164.98299999999944
Seq_ 384 Length  407987
154.98900099999702
Seq_ 385 Length  415873
150.0079999999997
Traceback (most recent call last):
  File "h5_generator.py", line 20, in <module>
    index = tmp[(events_data[:,0]<gt_data[(i+1)*time_win,0])&(events_data[:,0]>=gt_data[i*time_win,0])]
IndexError: index 11610 is out of bounds for axis 0 with size 11610
loading data...
Seq_ 0 Length  3395
49.99199900000001
Seq_ 1 Length  4400
49.973001000000004
Seq_ 2 Length  3263
49.74999899999999
Seq_ 3 Length  3804
49.702999999999996
Seq_ 4 Length  5469
49.81700000000003
Seq_ 5 Length  5895
49.94399999999999
Seq_ 6 Length  6488
49.980000999999994
Seq_ 7 Length  5820
49.983000000000004
Seq_ 8 Length  6536
49.99500000000001
Seq_ 9 Length  13795
49.984001
Seq_ 10 Length  12369
49.99500000000001
Seq_ 11 Length  21849
49.99400100000006
Seq_ 12 Length  24684
49.99900099999999
Seq_ 13 Length  29398
49.99200100000001
Seq_ 14 Length  31634
49.99299999999995
Seq_ 15 Length  32491
49.99099900000004
Seq_ 16 Length  32719
49.99299899999998
Seq_ 17 Length  32713
49.993001000000035
Seq_ 18 Length  31475
49.993000000000066
Seq_ 19 Length  32938
49.990998999999924
Seq_ 20 Length  26596
49.999000999999986
Seq_ 21 Length  32353
49.999000999999986
Seq_ 22 Length  23691
50.00099999999996
Seq_ 23 Length  27249
50.000001000000125
Seq_ 24 Length  24492
49.99700099999993
Seq_ 25 Length  35006
49.9929990000001
Seq_ 26 Length  42063
50.00099999999996
Seq_ 27 Length  35043
49.99300000000018
Seq_ 28 Length  37490
50.002000000000095
Seq_ 29 Length  33582
49.99699899999999
Seq_ 30 Length  36600
50.00099999999996
Seq_ 31 Length  37447
49.99999999999982
Seq_ 32 Length  34324
50.00199900000002
Seq_ 33 Length  31881
50.00400100000002
Seq_ 34 Length  31838
50.00099999999996
Seq_ 35 Length  30187
49.99700099999993
Seq_ 36 Length  28106
49.99400000000009
Seq_ 37 Length  32976
49.99900099999999
Seq_ 38 Length  33869
49.99700099999993
Seq_ 39 Length  36437
49.99500000000023
Seq_ 40 Length  37862
50.00000000000027
Seq_ 41 Length  43581
49.99899900000005
Seq_ 42 Length  40566
50.00099999999996
Seq_ 43 Length  40720
50.00200000000011
Seq_ 44 Length  39920
50.00600000000021
Seq_ 45 Length  42739
49.994000999999955
Seq_ 46 Length  43563
49.99300000000017
Seq_ 47 Length  46172
49.996999000000216
Seq_ 48 Length  37532
49.9969990000002
Seq_ 49 Length  29402
50.003001000000324
Seq_ 50 Length  15180
50.0039990000003
Seq_ 51 Length  7019
49.98699999999978
Seq_ 52 Length  9871
49.98300000000011
Seq_ 53 Length  22654
49.99900000000012
Seq_ 54 Length  29100
50.005000000000074
Seq_ 55 Length  35686
49.99999900000019
Seq_ 56 Length  39178
49.995000000000005
Seq_ 57 Length  49734
49.995999999999704
Seq_ 58 Length  51219
49.99099900000026
Seq_ 59 Length  56442
49.99400000000032
Seq_ 60 Length  56121
49.99300000000017
Seq_ 61 Length  57016
49.99300000000018
Seq_ 62 Length  52841
49.99300099999982
Seq_ 63 Length  57128
49.99800099999963
Seq_ 64 Length  51062
49.99799899999991
Seq_ 65 Length  50302
49.99999899999974
Seq_ 66 Length  32267
49.9979989999999
Seq_ 67 Length  55528
49.99300099999982
Seq_ 68 Length  54921
49.99799899999991
Seq_ 69 Length  59259
49.99199900000039
Seq_ 70 Length  51632
49.99399999999987
Seq_ 71 Length  39694
49.99700099999993
Seq_ 72 Length  28817
50.006999999999906
Seq_ 73 Length  27191
50.00399899999985
Seq_ 74 Length  30363
50.003999999999934
Seq_ 75 Length  28584
49.99600000000015
Seq_ 76 Length  26562
50.00200000000011
Seq_ 77 Length  39506
50.001001000000045
Seq_ 78 Length  32674
50.00099999999996
Seq_ 79 Length  29096
49.99999899999974
Seq_ 80 Length  36372
50.002001000000185
Seq_ 81 Length  31104
49.99899999999968
Seq_ 82 Length  45217
49.99300000000062
Seq_ 83 Length  29774
49.99600000000015
Seq_ 84 Length  42813
49.99399999999987
Seq_ 85 Length  44621
49.997001000000374
Seq_ 86 Length  36439
49.99600000000015
Seq_ 87 Length  43557
49.99100000000034
Seq_ 88 Length  42960
49.99700000000029
Seq_ 89 Length  59839
49.998001000000514
Seq_ 90 Length  45123
49.995001000000094
Seq_ 91 Length  41038
49.99399999999987
Seq_ 92 Length  38716
49.99799999999954
Seq_ 93 Length  33364
49.996000999999346
Seq_ 94 Length  37134
49.99999899999974
Seq_ 95 Length  48614
49.9919990000004
Seq_ 96 Length  47890
49.99499899999993
Seq_ 97 Length  54264
49.99399999999987
Seq_ 98 Length  59173
49.99399999999987
Seq_ 99 Length  51322
49.99600000000015
Seq_ 100 Length  24468
49.99800000000043
Seq_ 101 Length  39715
69.99600100000069
Seq_ 102 Length  46523
59.99100000000013
Seq_ 103 Length  33034
49.998000999999626
Seq_ 104 Length  41444
49.98999900000012
Seq_ 105 Length  37255
49.994000999999955
Seq_ 106 Length  42794
49.99600000000015
Seq_ 107 Length  30263
50.00599900000058
Seq_ 108 Length  49567
49.99999899999974
Seq_ 109 Length  44407
49.995001000000094
Seq_ 110 Length  53701
50.00299999999935
Seq_ 111 Length  36165
50.00500000000052
Seq_ 112 Length  73673
49.99899999999968
Seq_ 113 Length  51073
50.000000999999905
Seq_ 114 Length  90714
55.005000000000415
Seq_ 115 Length  84137
55.001999999999995
Seq_ 116 Length  69141
50.00300000000024
Seq_ 117 Length  26066
49.99600000000015
Seq_ 118 Length  65106
50.00199900000002
Seq_ 119 Length  43645
50.00300000000024
Seq_ 120 Length  68276
50.00300000000024
Seq_ 121 Length  42477
50.00899900000011
Seq_ 122 Length  20345
49.98900000000006
Seq_ 123 Length  43920
49.99800000000043
Seq_ 124 Length  57645
50.00199900000002
Seq_ 125 Length  62633
49.99999899999974
Seq_ 126 Length  68996
49.99600000000015
Seq_ 127 Length  65234
49.99799899999946
Seq_ 128 Length  57917
49.99899900000049
Seq_ 129 Length  33872
49.99399999999987
Seq_ 130 Length  30492
49.995001000000094
Seq_ 131 Length  24809
49.98999900000012
Seq_ 132 Length  12167
49.99899999999968
Seq_ 133 Length  39064
49.99999899999974
Seq_ 134 Length  57228
49.99999899999974
Seq_ 135 Length  67156
49.99899999999968
Seq_ 136 Length  69169
49.99199999999959
Seq_ 137 Length  61154
49.99300000000062
Seq_ 138 Length  40218
54.99799900000024
Seq_ 139 Length  23539
49.99099899999937
Seq_ 140 Length  33090
49.99600000000015
Seq_ 141 Length  41633
49.99900000000057
Seq_ 142 Length  46251
49.997001000000374
Seq_ 143 Length  45860
49.9969999999994
Seq_ 144 Length  72995
50.00199900000002
Seq_ 145 Length  65889
49.99199999999959
Seq_ 146 Length  65256
49.99099999999945
Seq_ 147 Length  56798
49.99600000000015
Seq_ 148 Length  64326
49.996000999999346
Seq_ 149 Length  45129
50.00300000000024
Seq_ 150 Length  57937
49.99499899999993
Seq_ 151 Length  45134
49.99299899999965
Seq_ 152 Length  67145
50.00499899999955
Seq_ 153 Length  48748
49.99100000000034
Seq_ 154 Length  53105
49.99800000000043
Seq_ 155 Length  39160
49.99900000000057
Seq_ 156 Length  67184
49.99399999999987
Seq_ 157 Length  37661
50.001999999999214
Seq_ 158 Length  63855
50.00300000000024
Seq_ 159 Length  75845
49.99600000000015
Seq_ 160 Length  61463
50.00200000000099
Seq_ 161 Length  48776
50.00399900000119
Seq_ 162 Length  51836
50.00399999999949
Seq_ 163 Length  49443
50.00300000000024
Seq_ 164 Length  23353
49.99399999999987
Seq_ 165 Length  34474
49.989999000001006
Seq_ 166 Length  25148
49.99399999999987
Seq_ 167 Length  40706
49.99699899999932
Seq_ 168 Length  50358
49.9969999999994
Seq_ 169 Length  55147
54.990000000000094
Seq_ 170 Length  60777
49.9989989999996
Seq_ 171 Length  58305
49.99599900000007
Seq_ 172 Length  48523
49.98600000000053
Seq_ 173 Length  69714
49.990999999998564
Seq_ 174 Length  72194
49.9930010000007
Seq_ 175 Length  54886
49.99399999999987
Seq_ 176 Length  37284
49.990000999999396
Seq_ 177 Length  33126
49.99099900000026
Seq_ 178 Length  26755
49.994000999999955
Seq_ 179 Length  69917
49.98700000000156
Seq_ 180 Length  98695
49.992999999998844
Seq_ 181 Length  80148
49.999000999999765
Seq_ 182 Length  93014
50.00000100000079
Seq_ 183 Length  86346
49.99399999999987
Seq_ 184 Length  71964
49.9969999999994
Seq_ 185 Length  74094
49.990999999998564
Seq_ 186 Length  73495
49.99399999999987
Seq_ 187 Length  95992
49.995000999999206
Seq_ 188 Length  94524
50.00000099999902
Seq_ 189 Length  75256
49.997999999998655
Seq_ 190 Length  72104
49.99899999999968
Seq_ 191 Length  46359
50.00300000000024
Seq_ 192 Length  29448
49.997999999998655
Seq_ 193 Length  36837
49.99399999999987
Seq_ 194 Length  46770
50.00499899999866
Seq_ 195 Length  46172
50.00499900000044
Seq_ 196 Length  62330
50.00400000000127
Seq_ 197 Length  24816
50.00099999999996
Seq_ 198 Length  55527
50.00200000000099
Seq_ 199 Length  19995
49.999000999999765
Seq_ 200 Length  36222
49.98900000000006
Seq_ 201 Length  43322
49.98599900000045
Seq_ 202 Length  52888
49.995000999999206
Seq_ 203 Length  22617
49.988999999998285
Seq_ 204 Length  10181
49.98999899999923
Seq_ 205 Length  24815
49.997000999999486
Seq_ 206 Length  17728
49.99399999999987
Seq_ 207 Length  31625
49.99999900000063
Seq_ 208 Length  19220
49.999000999999765
Seq_ 209 Length  18481
49.99399999999987
Seq_ 210 Length  47566
50.00199899999913
Seq_ 211 Length  36015
49.9969990000011
Seq_ 212 Length  48888
50.00300000000024
Seq_ 213 Length  32044
49.9969990000011
Seq_ 214 Length  48825
50.00199900000091
Seq_ 215 Length  34783
50.041000000000224
Seq_ 216 Length  31558
49.99200000000137
Seq_ 217 Length  33495
49.998001000000514
Seq_ 218 Length  49522
49.997999999998655
Seq_ 219 Length  23908
49.99599900000007
Seq_ 220 Length  18440
49.990999999998564
Seq_ 221 Length  42226
50.00099999999996
Seq_ 222 Length  46431
49.99399999999987
Seq_ 223 Length  50818
49.99800000000043
Seq_ 224 Length  52074
49.99600000000015
Seq_ 225 Length  75260
50.00000100000079
Seq_ 226 Length  83232
49.997000999999486
Seq_ 227 Length  87593
49.996001000000234
Seq_ 228 Length  99857
49.997999999998655
Seq_ 229 Length  89273
49.99299900000054
Seq_ 230 Length  103262
49.99799900000035
Seq_ 231 Length  93250
50.00199900000091
Seq_ 232 Length  100466
49.99999900000063
Seq_ 233 Length  78042
49.99800000000043
Seq_ 234 Length  94900
50.00600000000155
Seq_ 235 Length  63825
49.990999999998564
Seq_ 236 Length  62277
49.99299900000054
Seq_ 237 Length  45653
49.98799999999903
Seq_ 238 Length  39538
49.98999899999923
Seq_ 239 Length  44562
49.994000999999955
Seq_ 240 Length  45895
49.994000999999955
Seq_ 241 Length  25713
49.992999999998844
Seq_ 242 Length  40371
49.990000999999396
Seq_ 243 Length  48392
49.99899999999968
Seq_ 244 Length  45695
50.00300000000024
Seq_ 245 Length  73169
49.995000999999206
Seq_ 246 Length  82716
49.99600000000015
Seq_ 247 Length  84735
50.00099899999988
Seq_ 248 Length  91619
49.9969999999994
Seq_ 249 Length  96847
49.997000999999486
Seq_ 250 Length  92559
49.99499999999912
Seq_ 251 Length  86012
50.00000000000071
Seq_ 252 Length  51231
49.99100000000034
Seq_ 253 Length  74202
49.99700100000126
Seq_ 254 Length  72713
49.99199999999959
Seq_ 255 Length  93167
49.99899999999968
Seq_ 256 Length  62760
49.99999900000063
Seq_ 257 Length  62610
49.99800099999874
Seq_ 258 Length  68242
49.999999999998934
Seq_ 259 Length  66291
49.99499999999912
Seq_ 260 Length  66981
49.99899999999968
Seq_ 261 Length  71054
49.9950000000009
Seq_ 262 Length  70387
49.99600000000015
Seq_ 263 Length  75322
49.99700100000126
Seq_ 264 Length  62838
49.99600000000015
Seq_ 265 Length  53897
49.995999999998375
Seq_ 266 Length  48942
50.00199900000091
Seq_ 267 Length  48072
60.00099999999975
Seq_ 268 Length  42054
49.99199999999959
Seq_ 269 Length  64709
64.99500099999977
Seq_ 270 Length  93373
79.99900099999913
Seq_ 271 Length  98900
75.00100000000032
Seq_ 272 Length  94026
69.99200099999925
Seq_ 273 Length  76748
54.99500099999999
Seq_ 274 Length  86470
70.00000000000028
Seq_ 275 Length  64179
64.99600000000072
Seq_ 276 Length  105571
144.98999999999995
Seq_ 277 Length  107199
124.9949990000001
Seq_ 278 Length  59648
60.00499999999853
Seq_ 279 Length  64844
55.001000000000744
Seq_ 280 Length  59128
50.0070000000008
Seq_ 281 Length  76307
50.00500000000052
Seq_ 282 Length  76378
49.9950000000009
Seq_ 283 Length  73468
49.9969990000011
Seq_ 284 Length  65264
49.995000999999206
Seq_ 285 Length  80699
49.99300099999893
Seq_ 286 Length  80300
49.998001000000514
Seq_ 287 Length  60580
50.00000000000071
Seq_ 288 Length  53964
49.997000999999486
Seq_ 289 Length  56764
49.99899999999968
Seq_ 290 Length  55900
50.001001000000045
Seq_ 291 Length  87205
49.99700100000126
Seq_ 292 Length  89061
49.99600000000015
Seq_ 293 Length  93855
50.00000000000071
Seq_ 294 Length  108604
50.001001000000045
Seq_ 295 Length  62341
49.992999999998844
Seq_ 296 Length  69604
50.00199899999913
Seq_ 297 Length  97684
50.001999999999214
Seq_ 298 Length  108056
49.99899999999968
Seq_ 299 Length  116680
50.005001000000604
Seq_ 300 Length  126746
50.00599999999977
Seq_ 301 Length  79419
50.006999999999024
Seq_ 302 Length  89306
50.00400000000127
Seq_ 303 Length  76861
50.00099899999988
Seq_ 304 Length  137138
49.99900000000146
Seq_ 305 Length  95348
50.00599999999977
Seq_ 306 Length  95153
50.005001000000604
Seq_ 307 Length  82226
50.00300000000024
Seq_ 308 Length  30003
49.99700000000118
Seq_ 309 Length  40826
50.00099899999988
Seq_ 310 Length  51527
49.99499899999904
Seq_ 311 Length  41648
50.00100099999827
Seq_ 312 Length  49348
49.99700000000118
Seq_ 313 Length  67008
50.000999000001656
Seq_ 314 Length  55085
49.99499999999912
Seq_ 315 Length  66103
49.990999000002034
Seq_ 316 Length  59414
49.99499899999904
Seq_ 317 Length  82011
49.99699999999763
Seq_ 318 Length  88665
49.99000000000109
Seq_ 319 Length  96821
49.99300000000062
Seq_ 320 Length  130418
49.992000000003145
Seq_ 321 Length  161367
49.99600000000015
Seq_ 322 Length  137674
49.99600000000015
Seq_ 323 Length  156935
49.99799899999857
Seq_ 324 Length  171799
49.99700099999771
Seq_ 325 Length  169987
54.99900000000224
Seq_ 326 Length  150248
69.99599999999973
Seq_ 327 Length  81956
49.99600000000015
Seq_ 328 Length  55206
49.99700100000126
Seq_ 329 Length  48536
54.999999999999716
Seq_ 330 Length  91553
59.99999900000219
Seq_ 331 Length  101766
49.997999000002125
Seq_ 332 Length  101134
50.00000000000071
Seq_ 333 Length  116783
49.99299999999707
Seq_ 334 Length  128062
49.99700000000118
Seq_ 335 Length  116185
49.99299999999707
Seq_ 336 Length  135230
49.99599900000007
Seq_ 337 Length  115400
50.00000100000079
Seq_ 338 Length  118394
50.00300000000024
Seq_ 339 Length  92667
50.00000000000071
Seq_ 340 Length  77955
50.00000000000071
Seq_ 341 Length  61994
50.00000000000071
Seq_ 342 Length  40684
49.99699999999763
Seq_ 343 Length  36360
50.00300000000024
Seq_ 344 Length  31572
49.9879990000025
Seq_ 345 Length  38135
50.00100100000182
Seq_ 346 Length  42465
50.00100099999827
Seq_ 347 Length  58194
50.0020009999993
Seq_ 348 Length  61341
50.0040009999978
Seq_ 349 Length  71648
50.00300000000024
Seq_ 350 Length  89865
50.00300000000024
Seq_ 351 Length  95817
50.00300000000024
Seq_ 352 Length  107391
49.99499899999904
Seq_ 353 Length  95072
50.000999000001656
Seq_ 354 Length  93842
50.00000100000079
Seq_ 355 Length  82202
49.997999999998655
Seq_ 356 Length  100041
50.00000100000079
Seq_ 357 Length  97691
50.00699900000072
Seq_ 358 Length  104220
50.00000100000079
Seq_ 359 Length  107713
49.9969990000011
Seq_ 360 Length  110704
49.995000999999206
Seq_ 361 Length  146236
59.99500000000069
Seq_ 362 Length  161755
54.99699999999663
Seq_ 363 Length  171329
49.993999000001565
Seq_ 364 Length  159380
49.999000000003235
Seq_ 365 Length  176271
49.99999900000063
Seq_ 366 Length  174869
49.99899999999968
Seq_ 367 Length  178112
49.99899999999968
Seq_ 368 Length  127679
50.00300000000024
Seq_ 369 Length  116663
49.9989989999996
Seq_ 370 Length  91963
50.000999000001656
Seq_ 371 Length  62557
49.9989989999996
Seq_ 372 Length  57974
49.99899999999968
Seq_ 373 Length  35333
49.99700000000118
Seq_ 374 Length  27860
49.997999000002125
Seq_ 375 Length  36687
50.001999000002684
Seq_ 376 Length  57734
49.999000999999765
Seq_ 377 Length  71146
50.001999999999214
Seq_ 378 Length  72533
50.00000000000071
Seq_ 379 Length  49286
50.00000000000071
Seq_ 380 Length  62870
50.00399900000119
Seq_ 381 Length  43505
50.000999000001656
Seq_ 382 Length  35966
50.0009989999981
Seq_ 383 Length  17573
49.99600000000015
Seq_ 384 Length  14468
49.99899999999968
Seq_ 385 Length  34744
50.00000000000071
Seq_ 386 Length  29770
49.98900000000006
Seq_ 387 Length  27831
50.001999999999214
Seq_ 388 Length  39553
49.99699999999763
Seq_ 389 Length  53853
49.99700100000126
Seq_ 390 Length  45726
49.99199999999959
Seq_ 391 Length  63732
49.995000999999206
Seq_ 392 Length  23164
49.99600000000015
Seq_ 393 Length  23749
50.00199899999913
Seq_ 394 Length  14361
49.989999000001006
Seq_ 395 Length  35338
49.995000999999206
Seq_ 396 Length  35484
50.00000000000071
Seq_ 397 Length  39713
49.99700000000118
Seq_ 398 Length  39019
49.9969990000011
Seq_ 399 Length  52376
49.99899999999968
Seq_ 400 Length  63050
49.99999900000063
Seq_ 401 Length  76678
54.99900099999877
Seq_ 402 Length  64684
80.01000100000155
Seq_ 403 Length  94111
49.999000999999765
Seq_ 404 Length  78204
49.99899999999968
Seq_ 405 Length  105050
50.006000999999856
Seq_ 406 Length  70928
49.99600000000015
Seq_ 407 Length  45277
49.99300000000062
Seq_ 408 Length  48775
49.990999000002034
Seq_ 409 Length  32473
49.99899999999968
Seq_ 410 Length  43945
50.00300000000024
Seq_ 411 Length  69971
50.00599999999977
Seq_ 412 Length  86823
49.99600000000015
Seq_ 413 Length  94130
49.99899999999968
Seq_ 414 Length  113528
49.99499899999904
Seq_ 415 Length  74141
49.992000000003145
Seq_ 416 Length  35854
49.98899899999998
Seq_ 417 Length  36189
49.99700100000126
Seq_ 418 Length  51069
49.99600000000015
Seq_ 419 Length  84112
50.00100099999827
Seq_ 420 Length  86431
49.99400099999818
Seq_ 421 Length  86544
49.99600000000015
Seq_ 422 Length  85570
49.99600000000015
Seq_ 423 Length  104111
49.99299900000054
Seq_ 424 Length  103804
49.997999999998655
Seq_ 425 Length  125734
49.99499999999912
Seq_ 426 Length  148450
50.00000100000079
Seq_ 427 Length  174126
49.99999900000063
Seq_ 428 Length  164938
50.00100099999827
Seq_ 429 Length  137948
50.00400000000127
Seq_ 430 Length  107839
50.004999000002215
Seq_ 431 Length  80965
50.004999000002215
Seq_ 432 Length  80696
50.0009989999981
Seq_ 433 Length  60881
50.00000100000079
Seq_ 434 Length  64694
50.00100100000182
Seq_ 435 Length  98630
50.00300000000024
Seq_ 436 Length  135341
50.00200000000277
Seq_ 437 Length  171886
50.00200000000277
Seq_ 438 Length  184817
49.9969990000011
Seq_ 439 Length  217909
54.99099999999757
Seq_ 440 Length  216733
59.99000099999918
Seq_ 441 Length  179546
54.99500099999821
Seq_ 442 Length  134295
49.99999900000063
Seq_ 443 Length  111858
49.99499899999904
Seq_ 444 Length  100920
49.99899999999968
Seq_ 445 Length  114024
49.99899999999968
Seq_ 446 Length  116050
49.99800099999874
Seq_ 447 Length  115748
49.99600000000015
Seq_ 448 Length  96302
49.99499899999904
Seq_ 449 Length  77435
49.99299999999707
Seq_ 450 Length  62032
49.9930010000007
Seq_ 451 Length  45876
49.986999000001475
Seq_ 452 Length  35561
49.9930010000007
Seq_ 453 Length  33095
49.99899999999968
Seq_ 454 Length  65802
50.00699999999725
Seq_ 455 Length  86489
50.00599999999977
Seq_ 456 Length  112858
50.00899899999922
Seq_ 457 Length  141310
50.004999000002215
Seq_ 458 Length  155820
50.00799899999819
Seq_ 459 Length  158491
50.00300000000024
Seq_ 460 Length  130969
49.9969990000011
Seq_ 461 Length  111860
49.997999000002125
Seq_ 462 Length  67653
49.99699999999763
Seq_ 463 Length  38456
50.0020009999993
Seq_ 464 Length  45065
50.00100099999827
Seq_ 465 Length  60857
49.99899999999968
Seq_ 466 Length  51588
50.001999999999214
Seq_ 467 Length  89511
49.99600000000015
Seq_ 468 Length  66459
49.999000000003235
Seq_ 469 Length  86694
50.0020009999993
Seq_ 470 Length  173501
49.995000999999206
Seq_ 471 Length  183699
49.99300000000062
Seq_ 472 Length  200997
49.99600000000015
Seq_ 473 Length  174165
50.00000000000071
Seq_ 474 Length  204993
50.0009989999981
Seq_ 475 Length  148119
50.00100099999827
Seq_ 476 Length  86809
50.00500099999883
Seq_ 477 Length  63599
50.00000100000079
Seq_ 478 Length  48882
50.00200000000277
Seq_ 479 Length  53778
49.99999900000063
Seq_ 480 Length  111076
50.00300000000024
Seq_ 481 Length  160837
49.99899999999968
Seq_ 482 Length  197486
49.99999900000063
Seq_ 483 Length  230776
49.997999999998655
Seq_ 484 Length  326076
54.994001000000736
Seq_ 485 Length  236542
49.989999000001006
Seq_ 486 Length  197056
49.99100099999865
Seq_ 487 Length  143425
49.99000000000109
Seq_ 488 Length  158749
49.993999000001565
Seq_ 489 Length  205414
49.99499900000259
Seq_ 490 Length  191395
49.989999000001006
Seq_ 491 Length  159296
49.98799899999895
Seq_ 492 Length  107509
49.992000000003145
Seq_ 493 Length  69743
49.997999000002125
Seq_ 494 Length  68599
49.9969990000011
Seq_ 495 Length  75517
55.00699899999972
Seq_ 496 Length  67959
49.995000999999206
Seq_ 497 Length  70991
49.99300000000062
Seq_ 498 Length  114186
50.00399999999772
Seq_ 499 Length  200290
59.99399999999966
Seq_ 500 Length  187257
54.99900099999877
Seq_ 501 Length  168368
50.0040009999978
Seq_ 502 Length  138792
49.9969990000011
Seq_ 503 Length  113434
49.99699999999763
Seq_ 504 Length  206479
49.99800099999874
Seq_ 505 Length  263473
55.001000000000744
Seq_ 506 Length  159349
50.00299999999669
Seq_ 507 Length  169959
50.00599999999977
Seq_ 508 Length  157393
50.00599999999977
Seq_ 509 Length  161476
50.001999999999214
Seq_ 510 Length  248443
50.00599999999977
Seq_ 511 Length  246918
49.99499900000259
Seq_ 512 Length  168230
50.00699900000072
Seq_ 513 Length  177788
50.00100099999827
Seq_ 514 Length  86689
50.00100099999827
Seq_ 515 Length  34927
49.99899999999968
Seq_ 516 Length  54880
50.0009989999981
Seq_ 517 Length  98762
50.00300000000024
Seq_ 518 Length  119619
50.000999000001656
Seq_ 519 Length  183580
50.00399999999772
Seq_ 520 Length  252035
49.99800099999874
Seq_ 521 Length  302344
50.0020009999993
Seq_ 522 Length  220928
49.99300000000062
Seq_ 523 Length  134387
49.99499899999904
Seq_ 524 Length  180831
50.00300000000024
Seq_ 525 Length  213523
49.99700000000118
Seq_ 526 Length  208994
49.99700000000118
Seq_ 527 Length  187919
50.001999999999214
Seq_ 528 Length  147359
50.00500099999883
Seq_ 529 Length  100882
50.001999999999214
Seq_ 530 Length  111891
50.00100099999827
Seq_ 531 Length  154541
49.99700000000118
Seq_ 532 Length  83277
50.00200000000277
Seq_ 533 Length  170825
49.9969990000011
Seq_ 534 Length  157823
49.99499999999912
Seq_ 535 Length  102450
49.99400099999818
Seq_ 536 Length  56854
49.99800099999874
Seq_ 537 Length  60072
49.99899999999968
Seq_ 538 Length  95061
54.992999999999626
Seq_ 539 Length  116051
49.995000000002676
Seq_ 540 Length  149654
50.008999999999304
Seq_ 541 Length  141839
50.000999000001656
Seq_ 542 Length  155118
50.00200000000277
Seq_ 543 Length  170130
49.99600000000015
Seq_ 544 Length  200431
49.99700000000118
Seq_ 545 Length  217549
50.00200000000277
Seq_ 546 Length  219608
49.99800000000221
Seq_ 547 Length  194569
49.995000999999206
Seq_ 548 Length  174693
49.99899999999968
Seq_ 549 Length  173505
49.99499899999904
Seq_ 550 Length  154988
49.99499899999904
Seq_ 551 Length  204125
49.99600000000015
Seq_ 552 Length  225635
49.9989989999996
Seq_ 553 Length  137160
49.99100099999865
Seq_ 554 Length  168372
49.98799999999903
Seq_ 555 Length  272788
50.001999999999214
Seq_ 556 Length  212694
50.014001000000974
Seq_ 557 Length  191680
49.99199900000306
Seq_ 558 Length  228183
49.9849999999995
Seq_ 559 Length  215441
49.98300100000108
Seq_ 560 Length  268649
49.985998999996895
Seq_ 561 Length  213865
49.983999000001944
Seq_ 562 Length  297526
49.99600000000015
Seq_ 563 Length  186058
50.000999999998186
Seq_ 564 Length  97026
50.007999999998276
Seq_ 565 Length  92694
50.0009989999981
Seq_ 566 Length  72882
49.99600000000015
Seq_ 567 Length  40174
49.99700100000126
Seq_ 568 Length  36359
49.995000999999206
Seq_ 569 Length  85906
50.00000000000071
Seq_ 570 Length  125265
49.99300000000062
Seq_ 571 Length  171877
49.98600000000053
Seq_ 572 Length  185421
49.99300000000062
Seq_ 573 Length  165823
49.9849999999995
Seq_ 574 Length  85985
49.993999999998096
Seq_ 575 Length  105295
50.00399900000119
Seq_ 576 Length  110136
49.99999900000063
Seq_ 577 Length  145999
50.00399900000119
Seq_ 578 Length  116689
50.0050000000023
Seq_ 579 Length  99509
49.992000999999675
Seq_ 580 Length  41305
49.9849999999995
Seq_ 581 Length  28427
54.98499900000198
Seq_ 582 Length  64179
49.992000999999675
Seq_ 583 Length  40780
49.99300000000062
Seq_ 584 Length  40626
50.00299900000016
Seq_ 585 Length  69000
50.00900099999939
Seq_ 586 Length  77761
49.990999999998564
Seq_ 587 Length  61118
49.99000099999762
Seq_ 588 Length  117540
49.99300000000062
Seq_ 589 Length  135752
49.983999999998474
Seq_ 590 Length  166814
49.99899999999968
Seq_ 591 Length  93292
49.99299999999707
Seq_ 592 Length  61970
49.99199899999951
Seq_ 593 Length  48783
49.99399899999801
Seq_ 594 Length  91375
49.99300000000062
Seq_ 595 Length  113259
50.00599899999969
Seq_ 596 Length  136724
50.02799999999752
Seq_ 597 Length  229226
50.0009989999981
Seq_ 598 Length  158290
50.00599899999969
Seq_ 599 Length  116089
50.004999999998745
Seq_ 600 Length  77934
50.001999999999214
Seq_ 601 Length  93549
49.99199899999951
Seq_ 602 Length  82922
49.98599900000045
Seq_ 603 Length  118626
49.99300000000062
Seq_ 604 Length  132393
49.990999999998564
Seq_ 605 Length  210380
50.00100100000182
Seq_ 606 Length  150187
50.00400000000127
Seq_ 607 Length  143775
50.00300000000024
Seq_ 608 Length  236742
50.00900099999939
Seq_ 609 Length  187986
49.99800100000229
Seq_ 610 Length  221013
49.99400100000173
Seq_ 611 Length  268267
49.9959999999966
Seq_ 612 Length  323839
54.99000100000018
Seq_ 613 Length  232467
59.999000000001246
Seq_ 614 Length  221230
50.007999000001746
Seq_ 615 Length  172431
50.003001000000324
Seq_ 616 Length  152743
50.00900099999939
Seq_ 617 Length  320508
59.99900100000133
Seq_ 618 Length  198168
69.98699900000105
Seq_ 619 Length  189876
59.98899899999799
Seq_ 620 Length  132686
49.990999999998564
Seq_ 621 Length  181368
49.99100000000212
Seq_ 622 Length  105762
49.9969990000011
Seq_ 623 Length  145369
50.01000000000033
Seq_ 624 Length  333734
60.001999000000694
Seq_ 625 Length  276193
49.99099899999848
Seq_ 626 Length  187080
54.9919999999986
Seq_ 627 Length  230402
49.99000099999762
Seq_ 628 Length  257779
75.00399999999985
Seq_ 629 Length  192587
49.990999999998564
Seq_ 630 Length  172486
49.99400100000173
Seq_ 631 Length  237787
49.99199899999951
Seq_ 632 Length  143052
49.993999000001565
Seq_ 633 Length  182665
50.00899899999922
Seq_ 634 Length  149787
50.0070000000008
Seq_ 635 Length  180527
50.00899899999922
Seq_ 636 Length  186623
50.00899899999922
Seq_ 637 Length  131427
50.003998999997634
Seq_ 638 Length  236870
50.00400000000127
Seq_ 639 Length  190210
49.99300000000062
Seq_ 640 Length  242830
49.99899999999968
Seq_ 641 Length  246219
49.993999999998096
Seq_ 642 Length  117189
49.995000999999206
Seq_ 643 Length  205666
49.99700100000126
Seq_ 644 Length  273534
50.0070000000008
Seq_ 645 Length  147622
49.99600000000015
Seq_ 646 Length  237319
49.990999999998564
Seq_ 647 Length  269635
49.995000999999206
Seq_ 648 Length  241408
49.995000000002676
Seq_ 649 Length  201864
50.00500100000238
Seq_ 650 Length  164379
49.99899900000315
Seq_ 651 Length  167140
50.00000100000079
Seq_ 652 Length  122855
49.99700100000126
Seq_ 653 Length  113195
49.99300000000062
Seq_ 654 Length  176858
49.99600000000015
Seq_ 655 Length  208300
50.01000000000033
Seq_ 656 Length  145060
50.00899899999922
Seq_ 657 Length  134646
50.01099900000128
Seq_ 658 Length  184214
55.00300100000288
Seq_ 659 Length  245306
50.00299900000016
Seq_ 660 Length  203830
50.00400000000127
Seq_ 661 Length  226182
50.00400000000127
Seq_ 662 Length  151515
55.00099999999719
Seq_ 663 Length  186067
65.00499999999931
Seq_ 664 Length  147384
50.00100099999827
Seq_ 665 Length  71006
50.006000999999856
Seq_ 666 Length  68712
50.001999000002684
Seq_ 667 Length  120376
49.99899999999968
Seq_ 668 Length  113076
50.00400000000127
Seq_ 669 Length  158619
49.9969990000011
Seq_ 670 Length  143036
50.007999999998276
Seq_ 671 Length  147995
50.00100000000174
Seq_ 672 Length  105489
54.99400000000065
Seq_ 673 Length  66918
49.99499899999904
Seq_ 674 Length  56324
49.99300000000062
Seq_ 675 Length  62244
49.9969990000011
Seq_ 676 Length  75439
50.00299999999669
Seq_ 677 Length  151709
49.99800000000221
Seq_ 678 Length  152404
49.99899999999968
Seq_ 679 Length  179236
50.003001000000324
Seq_ 680 Length  96933
50.006000999999856
Seq_ 681 Length  79313
50.00100000000174
Seq_ 682 Length  53038
50.004999000002215
Seq_ 683 Length  97526
50.00800100000191
Seq_ 684 Length  159810
55.00200000000177
Seq_ 685 Length  151615
50.003001000000324
Seq_ 686 Length  159653
49.99999900000063
Seq_ 687 Length  258545
49.9969990000011
Seq_ 688 Length  175959
64.9980009999993
Seq_ 689 Length  229297
59.993001000002266
Seq_ 690 Length  240901
49.99899999999968
Seq_ 691 Length  226795
49.995000999999206
Seq_ 692 Length  261813
54.999999999999716
Seq_ 693 Length  269896
94.99599899999822
Seq_ 694 Length  204522
64.99699900000167
Seq_ 695 Length  298209
70.0010010000014
Seq_ 696 Length  284898
50.006000999999856
Seq_ 697 Length  270460
50.001999000002684
Seq_ 698 Length  121197
50.00100000000174
Seq_ 699 Length  94618
49.99899999999968
Seq_ 700 Length  143832
50.0070000000008
Seq_ 701 Length  219860
50.00000100000079
Seq_ 702 Length  289743
49.99800099999874
Seq_ 703 Length  325569
64.99399999999866
Seq_ 704 Length  262239
79.99300000000176
Seq_ 705 Length  263704
75.00199999999779
Seq_ 706 Length  236555
49.99899999999968
Seq_ 707 Length  157503
59.99899999999769
Seq_ 708 Length  457966
74.99699899999968
Seq_ 709 Length  206795
49.99600000000015
Seq_ 710 Length  114748
49.99800000000221
Seq_ 711 Length  145164
50.0009989999981
Seq_ 712 Length  298845
50.0009989999981
Seq_ 713 Length  279985
50.00100099999827
Seq_ 714 Length  211027
50.00100099999827
Seq_ 715 Length  236377
60.000000999998804
Seq_ 716 Length  310812
50.00100000000174
Seq_ 717 Length  277054
55.00000100000335
Seq_ 718 Length  197419
49.99899999999968
Seq_ 719 Length  117618
55.00400100000036
Seq_ 720 Length  140134
50.00100099999827
Seq_ 721 Length  188039
50.01200099999892
Seq_ 722 Length  198621
49.99700100000126
Seq_ 723 Length  191890
59.99800000000022
Seq_ 724 Length  55677
49.995000999999206
Seq_ 725 Length  128646
49.99600000000015
Seq_ 726 Length  170954
59.99500000000069
Seq_ 727 Length  127793
49.99600000000015
Seq_ 728 Length  115996
49.99800099999874
Seq_ 729 Length  205325
49.99600000000015
Seq_ 730 Length  212157
49.99899999999968
Seq_ 731 Length  125810
50.00400000000127
Seq_ 732 Length  106966
50.00100099999827
Seq_ 733 Length  279329
50.003001000000324
Seq_ 734 Length  289946
49.99600000000015
Seq_ 735 Length  179092
50.0070000000008
Seq_ 736 Length  234920
49.99600000000015
Seq_ 737 Length  342407
65.00199900000325
Seq_ 738 Length  323362
84.99900099999991
Seq_ 739 Length  275824
50.003001000000324
Seq_ 740 Length  203100
49.99699999999763
Seq_ 741 Length  256408
49.99799899999857
Seq_ 742 Length  307999
59.98600000000209
Seq_ 743 Length  196682
49.993999000001565
Seq_ 744 Length  134732
59.99900100000133
Seq_ 745 Length  231371
50.001999999999214
Seq_ 746 Length  243971
50.003998999997634
Seq_ 747 Length  233911
50.001999999999214
Seq_ 748 Length  306796
50.00000100000079
Seq_ 749 Length  269039
60.000000999998804
Seq_ 750 Length  133200
54.997000000000185
Seq_ 751 Length  262383
50.00000100000079
Seq_ 752 Length  166016
50.001999999999214
Seq_ 753 Length  238012
49.99799899999857
Seq_ 754 Length  196665
49.99999900000063
Seq_ 755 Length  217643
74.99700099999984
Seq_ 756 Length  136705
54.998001000001295
Seq_ 757 Length  157404
55.00200000000177
Seq_ 758 Length  118810
60.00399999999928
Seq_ 759 Length  127754
50.0009989999981
Seq_ 760 Length  182646
50.0009989999981
Seq_ 761 Length  229634
50.007999000001746
Seq_ 762 Length  146724
55.0050000000013
Seq_ 763 Length  119577
50.00899899999922
Seq_ 764 Length  172005
50.004999999998745
Seq_ 765 Length  243770
55.00099999999719
Seq_ 766 Length  106113
49.993999000001565
Seq_ 767 Length  116151
49.99600000000015
Seq_ 768 Length  57905
49.99899999999968
Seq_ 769 Length  60305
49.993999999998096
Seq_ 770 Length  67963
49.99999900000063
Seq_ 771 Length  124399
54.99499999999813
Seq_ 772 Length  68855
50.00000100000079
Seq_ 773 Length  109411
65.00299999999726
Seq_ 774 Length  134968
104.99199899999923
Seq_ 775 Length  31950
49.99899999999968
Seq_ 776 Length  27397
49.99600000000015
Seq_ 777 Length  39352
50.00100000000174
Seq_ 778 Length  40842
50.001999999999214
Seq_ 779 Length  89893
50.001999999999214
Seq_ 780 Length  117495
50.0009989999981
Seq_ 781 Length  173779
49.9969990000011
Seq_ 782 Length  182056
49.99899999999968
Seq_ 783 Length  104246
49.9969990000011
Seq_ 784 Length  104296
49.99899999999968
Seq_ 785 Length  105523
49.99899999999968
Seq_ 786 Length  45658
50.0009989999981
Seq_ 787 Length  53023
49.995000999999206
Seq_ 788 Length  53071
50.00400000000127
Seq_ 789 Length  60928
50.0070000000008
Seq_ 790 Length  49017
49.99400100000173
Seq_ 791 Length  62904
49.99600000000015
Seq_ 792 Length  52507
49.99699999999763
Seq_ 793 Length  36158
49.99900100000332
Seq_ 794 Length  35551
49.995000000002676
Seq_ 795 Length  50174
49.99800000000221
Seq_ 796 Length  66829
49.99899999999968
Seq_ 797 Length  130040
59.99999899999864
Seq_ 798 Length  128106
50.00299900000016
Seq_ 799 Length  127036
50.003998999997634
Seq_ 800 Length  109765
49.99899999999968
Seq_ 801 Length  95688
60.00399999999928
Seq_ 802 Length  95590
50.003998999997634
Seq_ 803 Length  145698
50.00100000000174
Seq_ 804 Length  156929
65.00499900000278
Seq_ 805 Length  80881
55.0050000000013
Seq_ 806 Length  75392
50.00000100000079
Seq_ 807 Length  80914
49.995000999999206
Seq_ 808 Length  54470
50.00200100000285
Seq_ 809 Length  85264
49.99800000000221
Seq_ 810 Length  128714
49.9969990000011
Seq_ 811 Length  167987
49.99799899999857
Seq_ 812 Length  196481
49.99899999999968
Seq_ 813 Length  215319
49.995000999999206
Seq_ 814 Length  199742
49.99600000000015
Seq_ 815 Length  138995
49.995000000002676
Seq_ 816 Length  69385
49.98899899999998
Seq_ 817 Length  43959
49.99899999999968
Seq_ 818 Length  40971
49.99800000000221
Seq_ 819 Length  80562
50.00000100000079
Seq_ 820 Length  77841
49.99899999999968
Seq_ 821 Length  85524
50.00100000000174
Seq_ 822 Length  78436
50.00100099999827
Seq_ 823 Length  65133
49.99899999999968
Seq_ 824 Length  63700
50.00100000000174
Seq_ 825 Length  67256
50.003001000000324
Seq_ 826 Length  66553
50.00000100000079
Seq_ 827 Length  41271
49.99799899999857
Seq_ 828 Length  47137
49.99600000000015
Seq_ 829 Length  54030
49.99899999999968
Seq_ 830 Length  58952
50.001999999999214
Seq_ 831 Length  58914
50.001999999999214
Seq_ 832 Length  80391
49.99899900000315
Seq_ 833 Length  86684
50.003001000000324
Seq_ 834 Length  52759
49.99600000000015
Seq_ 835 Length  55556
50.00299900000016
Seq_ 836 Length  110817
49.9969990000011
Seq_ 837 Length  62780
50.00000100000079
Seq_ 838 Length  67283
49.99600000000015
Seq_ 839 Length  87682
49.993999000001565
Seq_ 840 Length  68957
49.99899999999968
Seq_ 841 Length  64584
49.99700100000126
Seq_ 842 Length  109900
49.992000000003145
Seq_ 843 Length  130969
49.9969990000011
Seq_ 844 Length  127660
49.993999999998096
Seq_ 845 Length  94727
49.99600000000015
Seq_ 846 Length  72062
49.993999999998096
Seq_ 847 Length  53177
49.99300000000062
Seq_ 848 Length  52163
50.00100099999827
Seq_ 849 Length  114194
49.99300000000062
Seq_ 850 Length  160785
50.004999000002215
Seq_ 851 Length  168907
50.003998999997634
Seq_ 852 Length  178475
49.993999999998096
Seq_ 853 Length  127010
49.995000999999206
Seq_ 854 Length  87061
54.997000000000185
Seq_ 855 Length  60197
49.995000000002676
Seq_ 856 Length  40026
49.99800000000221
Seq_ 857 Length  28962
49.99800000000221
Seq_ 858 Length  41890
50.01100100000144
Seq_ 859 Length  43729
50.00400000000127
Seq_ 860 Length  84397
50.0040009999978
Seq_ 861 Length  149251
49.99600000000015
Seq_ 862 Length  291261
104.98699899999764
Seq_ 863 Length  84371
50.00599899999969
Seq_ 864 Length  124870
54.999999999999716
Seq_ 865 Length  102115
49.99300000000062
Seq_ 866 Length  130200
49.98700000000156
Seq_ 867 Length  170463
49.99300000000062
Seq_ 868 Length  133823
49.993999999998096
Seq_ 869 Length  177419
49.99899999999968
Seq_ 870 Length  106882
49.98799999999903
Seq_ 871 Length  67524
49.99300000000062
Seq_ 872 Length  66820
49.99899999999968
Seq_ 873 Length  144957
64.99800000000278
Seq_ 874 Length  132696
55.00200000000177
Seq_ 875 Length  83018
50.004999000002215
Seq_ 876 Length  54355
50.0070000000008
Seq_ 877 Length  101721
50.00899899999922
Seq_ 878 Length  62281
49.99999900000063
Seq_ 879 Length  66268
49.99400100000173
Seq_ 880 Length  59864
49.99300099999715
Seq_ 881 Length  71459
49.98400000000203
Seq_ 882 Length  91294
49.989998999997454
Seq_ 883 Length  187348
49.99000000000109
Seq_ 884 Length  179405
49.995000999999206
Seq_ 885 Length  154778
49.990999000002034
Seq_ 886 Length  156061
50.0009989999981
Seq_ 887 Length  78838
49.99199899999951
Seq_ 888 Length  96416
49.992998999996985
Seq_ 889 Length  99232
49.99000000000109
Seq_ 890 Length  61236
49.99800099999874
Seq_ 891 Length  76096
49.99899999999968
Seq_ 892 Length  81145
50.00599899999969
Seq_ 893 Length  69082
50.00400000000127
Seq_ 894 Length  78356
50.00299900000016
Seq_ 895 Length  133484
55.00200000000177
Seq_ 896 Length  131224
50.003998999997634
Seq_ 897 Length  170042
50.001999999999214
Seq_ 898 Length  292907
60.00200100000086
Seq_ 899 Length  275079
50.001999000002684
Seq_ 900 Length  200303
50.00200100000285
Seq_ 901 Length  203130
49.99899999999968
Seq_ 902 Length  137932
50.0070000000008
Seq_ 903 Length  106826
49.99999999999716
Seq_ 904 Length  51993
49.99899999999968
Seq_ 905 Length  32343
49.99600000000015
Seq_ 906 Length  86480
50.0009989999981
Seq_ 907 Length  98475
50.0009989999981
Seq_ 908 Length  90162
49.99999900000063
Seq_ 909 Length  59605
50.006998999997165
Seq_ 910 Length  63192
50.003001000000324
Seq_ 911 Length  46403
50.00599899999969
Seq_ 912 Length  55050
49.993999999998096
Seq_ 913 Length  33620
49.993999000001565
Seq_ 914 Length  49251
49.99899999999968
Seq_ 915 Length  27095
49.995000999999206
Seq_ 916 Length  51845
50.0009989999981
Seq_ 917 Length  55265
49.99199899999951
Seq_ 918 Length  61480
50.001999999999214
Seq_ 919 Length  75701
50.001999999999214
Seq_ 920 Length  170171
50.006000999999856
Seq_ 921 Length  179955
49.99899999999968
Seq_ 922 Length  198461
49.99699999999763
Seq_ 923 Length  109395
55.0050000000013
Seq_ 924 Length  141059
54.997000000000185
Seq_ 925 Length  71785
49.99600000000015
Seq_ 926 Length  76075
49.99700100000126
Seq_ 927 Length  65739
50.00100099999827
Seq_ 928 Length  56749
49.99700100000126
Seq_ 929 Length  26156
49.99600000000015
Seq_ 930 Length  51019
54.99199900000207
Seq_ 931 Length  69184
49.992000000003145
Seq_ 932 Length  122582
49.99499899999904
Seq_ 933 Length  114605
49.993999000001565
Seq_ 934 Length  92943
49.995000999999206
Seq_ 935 Length  72203
50.001999999999214
Seq_ 936 Length  60206
49.98699899999792
Seq_ 937 Length  94529
49.99800099999874
Seq_ 938 Length  123116
49.993999999998096
Seq_ 939 Length  112512
49.9969990000011
Seq_ 940 Length  115488
49.99900100000332
Seq_ 941 Length  133793
49.99999900000063
Seq_ 942 Length  127616
50.00899899999922
Seq_ 943 Length  118948
50.007999999998276
Seq_ 944 Length  104953
50.001999999999214
Seq_ 945 Length  88081
49.99300099999715
Seq_ 946 Length  75066
50.003001000000324
Seq_ 947 Length  78731
75.00399999999985
Seq_ 948 Length  56472
49.99899999999968
Seq_ 949 Length  81172
49.99800000000221
Seq_ 950 Length  48209
49.99600000000015
Seq_ 951 Length  53401
50.00599899999969
Seq_ 952 Length  137115
49.99999900000063
Seq_ 953 Length  169248
59.99800000000022
Seq_ 954 Length  95834
49.99800000000221
Seq_ 955 Length  105276
49.99899999999968
Seq_ 956 Length  219630
49.9969990000011
Seq_ 957 Length  256609
55.00499899999767
Seq_ 958 Length  246824
79.98899900000112
Seq_ 959 Length  173011
49.99400100000173
Seq_ 960 Length  245041
50.00100099999827
Seq_ 961 Length  172029
49.99800099999874
Seq_ 962 Length  99429
49.99000000000109
Seq_ 963 Length  34116
50.00100000000174
Seq_ 964 Length  85626
49.995000999999206
Seq_ 965 Length  174612
49.9969990000011
Seq_ 966 Length  288005
49.993999999998096
Seq_ 967 Length  160266
49.99700100000126
Seq_ 968 Length  85503
49.99300000000062
Seq_ 969 Length  224794
49.99800099999874
Seq_ 970 Length  237834
49.993999999998096
Seq_ 971 Length  128414
50.00100099999827
Seq_ 972 Length  34701
49.99899999999968
Seq_ 973 Length  142593
49.99999999999716
Seq_ 974 Length  238475
49.99199899999951
Seq_ 975 Length  183919
49.990999999998564
Seq_ 976 Length  140065
55.00299999999925
Seq_ 977 Length  226217
50.00200100000285
Seq_ 978 Length  215518
49.99800000000221
Seq_ 979 Length  137177
49.99999900000063
Seq_ 980 Length  85528
50.007999999998276
Seq_ 981 Length  238356
50.00500100000238
Seq_ 982 Length  335596
55.00299999999925
Seq_ 983 Length  169019
54.998001000001295
Seq_ 984 Length  330396
64.99099999999913
Seq_ 985 Length  152098
49.9910010000022
Seq_ 986 Length  147615
49.99699999999763
Seq_ 987 Length  258453
49.99499899999904
Seq_ 988 Length  282149
49.99199899999951
Seq_ 989 Length  320802
59.99599999999816
Seq_ 990 Length  304554
59.99400099999974
Seq_ 991 Length  219848
49.99300000000062
Seq_ 992 Length  353565
64.99700100000183
Seq_ 993 Length  225525
54.997000999996715
Seq_ 994 Length  207227
50.003001000000324
Seq_ 995 Length  334047
50.001999999999214
Seq_ 996 Length  260721
49.99999900000063
Seq_ 997 Length  149900
70.00000000000028
Seq_ 998 Length  289868
60.000000999998804
Seq_ 999 Length  336784
49.99600000000015
Seq_ 1000 Length  148551
49.99300000000062
Seq_ 1001 Length  217266
60.000000999998804
Seq_ 1002 Length  355280
54.99900099999877
Seq_ 1003 Length  175890
49.99800099999874
Seq_ 1004 Length  210555
54.999999999999716
Seq_ 1005 Length  250466
50.0070000000008
Seq_ 1006 Length  252421
59.9929990000021
Seq_ 1007 Length  291015
64.9940010000023
Seq_ 1008 Length  134840
49.99800000000221
Seq_ 1009 Length  125078
50.001999999999214
Seq_ 1010 Length  83628
49.99800000000221
Seq_ 1011 Length  106308
49.993999999998096
Seq_ 1012 Length  64770
49.99800099999874
Seq_ 1013 Length  84187
49.99699999999763
Seq_ 1014 Length  97362
49.99899999999968
Seq_ 1015 Length  133151
49.9969990000011
Seq_ 1016 Length  59843
49.99600000000015
Seq_ 1017 Length  140802
49.99699999999763
Seq_ 1018 Length  131945
49.99999900000063
Seq_ 1019 Length  93749
50.0009989999981
Seq_ 1020 Length  98956
49.99799899999857
Seq_ 1021 Length  152216
49.99600000000015
Seq_ 1022 Length  180990
49.990999999998564
Seq_ 1023 Length  159274
49.99799899999857
Seq_ 1024 Length  226964
49.990999999998564
Seq_ 1025 Length  156810
49.992000999999675
Seq_ 1026 Length  160193
49.99800099999874
Seq_ 1027 Length  170757
50.001999999999214
Seq_ 1028 Length  182525
50.00899899999922
Seq_ 1029 Length  105783
50.0009989999981
Seq_ 1030 Length  169877
50.004999999998745
Seq_ 1031 Length  144709
50.004999999998745
Seq_ 1032 Length  174018
50.00100000000174
Seq_ 1033 Length  247113
49.99800000000221
Seq_ 1034 Length  277209
65.00199999999978
Seq_ 1035 Length  131158
49.99700100000126
Seq_ 1036 Length  140557
50.006000999999856
Seq_ 1037 Length  175115
50.00400000000127
Seq_ 1038 Length  194451
50.003001000000324
Seq_ 1039 Length  170109
50.00400000000127
Seq_ 1040 Length  121695
49.99800099999874
Seq_ 1041 Length  66315
50.01100100000144
Seq_ 1042 Length  107726
50.00000100000079
Seq_ 1043 Length  173489
49.99899900000315
Seq_ 1044 Length  168402
49.995000999999206
Seq_ 1045 Length  127900
49.99700100000126
Seq_ 1046 Length  137926
50.00000100000079
Seq_ 1047 Length  123213
49.9969990000011
Seq_ 1048 Length  110283
49.99699999999763
Seq_ 1049 Length  112100
50.00000100000079
Seq_ 1050 Length  191539
49.99999900000063
Seq_ 1051 Length  197528
50.00100000000174
Seq_ 1052 Length  312659
69.9979990000017
Seq_ 1053 Length  256611
84.99700000000132
Seq_ 1054 Length  250462
49.99600000000015
Seq_ 1055 Length  204982
49.99800000000221
Seq_ 1056 Length  177718
49.99300000000062
Seq_ 1057 Length  326943
59.987999000000514
Seq_ 1058 Length  301581
49.989001000000144
Seq_ 1059 Length  207968
49.992000999999675
Seq_ 1060 Length  147415
50.00000100000079
Seq_ 1061 Length  215011
50.00299900000016
Seq_ 1062 Length  194160
49.99899999999968
Seq_ 1063 Length  150332
50.00100099999827
Seq_ 1064 Length  138877
50.001999999999214
Seq_ 1065 Length  157651
50.0009989999981
Seq_ 1066 Length  204694
50.001999999999214
Seq_ 1067 Length  211653
50.00100000000174
Seq_ 1068 Length  186675
49.99899999999968
Seq_ 1069 Length  146036
49.99800000000221
Seq_ 1070 Length  108035
49.99800000000221
Seq_ 1071 Length  126921
50.00400000000127
Seq_ 1072 Length  181804
50.00100099999827
Seq_ 1073 Length  258781
50.00100099999827
Seq_ 1074 Length  279279
55.00400100000036
Seq_ 1075 Length  191493
50.00900099999939
Seq_ 1076 Length  156643
49.99899999999968
Seq_ 1077 Length  126304
49.99900100000332
Seq_ 1078 Length  106397
49.9969990000011
Seq_ 1079 Length  68786
49.99699999999763
Seq_ 1080 Length  82011
49.99699999999763
Seq_ 1081 Length  178828
49.99800099999874
Seq_ 1082 Length  227239
50.00500100000238
Seq_ 1083 Length  255387
54.999999999999716
Seq_ 1084 Length  211054
50.001999999999214
Seq_ 1085 Length  210065
49.99899999999968
Seq_ 1086 Length  191480
49.99800099999874
Seq_ 1087 Length  119746
50.001999999999214
Seq_ 1088 Length  152598
50.00599899999969
Seq_ 1089 Length  170873
49.99999999999716
Seq_ 1090 Length  168506
50.004999999998745
Seq_ 1091 Length  109376
50.00100000000174
Seq_ 1092 Length  139048
54.99799900000113
Seq_ 1093 Length  176946
59.99699899999911
Seq_ 1094 Length  143835
49.99499899999904
Seq_ 1095 Length  149569
50.0009989999981
Seq_ 1096 Length  89355
49.99999900000063
Seq_ 1097 Length  163114
55.00100100000083
Seq_ 1098 Length  105372
49.995000999999206
Seq_ 1099 Length  144619
54.99900099999877
Seq_ 1100 Length  144582
55.00400100000036
Seq_ 1101 Length  65755
50.00100099999827
Seq_ 1102 Length  164691
50.00000100000079
Seq_ 1103 Length  146123
49.99899999999968
Seq_ 1104 Length  184612
50.00100000000174
Seq_ 1105 Length  218511
74.99800000000079
Seq_ 1106 Length  159976
54.995998999999074
Seq_ 1107 Length  93397
50.00299900000016
Seq_ 1108 Length  123843
49.992998999996985
Seq_ 1109 Length  185237
60.004999000000225
Seq_ 1110 Length  161867
50.004999999998745
Seq_ 1111 Length  186531
49.99899999999968
Seq_ 1112 Length  151720
49.99899999999968
Seq_ 1113 Length  97221
49.99999999999716
Seq_ 1114 Length  154591
50.00100000000174
Seq_ 1115 Length  153145
50.00299900000016
Seq_ 1116 Length  117174
49.99899999999968
Seq_ 1117 Length  144683
49.99899999999968
Seq_ 1118 Length  154339
49.99899999999968
Seq_ 1119 Length  131856
50.00200100000285
Seq_ 1120 Length  108100
50.00299900000016
Seq_ 1121 Length  127546
50.0009989999981
Seq_ 1122 Length  117636
49.99899999999968
Seq_ 1123 Length  127507
49.993999999998096
Seq_ 1124 Length  200568
49.99300000000062
Seq_ 1125 Length  155266
49.990999999998564
Seq_ 1126 Length  156787
49.99499899999904
Seq_ 1127 Length  123363
49.99600000000015
Seq_ 1128 Length  88682
49.99199899999951
Seq_ 1129 Length  86350
49.99600000000015
Seq_ 1130 Length  132068
50.00100000000174
Seq_ 1131 Length  143108
50.00400000000127
Seq_ 1132 Length  179562
49.99699999999763
Seq_ 1133 Length  191063
50.00400000000127
Seq_ 1134 Length  175917
55.00400100000036
Seq_ 1135 Length  126062
50.0070000000008
Seq_ 1136 Length  102901
60.001001000003384
Seq_ 1137 Length  153111
74.99899900000173
Seq_ 1138 Length  122599
50.00299900000016
Seq_ 1139 Length  160610
65.00600100000042
Seq_ 1140 Length  197907
50.004999999998745
Seq_ 1141 Length  190291
50.001999999999214
Seq_ 1142 Length  136065
49.99800099999874
Seq_ 1143 Length  143150
50.004999999998745
Seq_ 1144 Length  77486
49.99899999999968
Seq_ 1145 Length  109832
60.001999000000694
Seq_ 1146 Length  143079
49.99199899999951
Seq_ 1147 Length  211775
59.99699899999911
Seq_ 1148 Length  145343
59.99299999999863
Seq_ 1149 Length  241015
64.98999899999802
Seq_ 1150 Length  58787
49.99799899999857
Seq_ 1151 Length  54684
49.99300000000062
Seq_ 1152 Length  150751
54.99000100000018
Seq_ 1153 Length  143502
49.993999000001565
Seq_ 1154 Length  113734
50.003001000000324
Seq_ 1155 Length  109496
49.99700100000126
Seq_ 1156 Length  153026
50.004999000002215
Seq_ 1157 Length  153351
50.003998999997634
Seq_ 1158 Length  164547
74.99800000000079
Seq_ 1159 Length  32362
50.00100000000174
